{"/home/clara/Documentos/misrepos/blog-APIrest-practice-/backend/src/server.js": {"path":"/home/clara/Documentos/misrepos/blog-APIrest-practice-/backend/src/server.js","statementMap":{"0":{"start":{"line":2,"column":13},"end":{"line":2,"column":28}},"1":{"start":{"line":3,"column":16},"end":{"line":3,"column":34}},"2":{"start":{"line":6,"column":19},"end":{"line":6,"column":42}},"3":{"start":{"line":7,"column":19},"end":{"line":7,"column":43}},"4":{"start":{"line":11,"column":17},"end":{"line":11,"column":36}},"5":{"start":{"line":12,"column":22},"end":{"line":12,"column":60}},"6":{"start":{"line":15,"column":20},"end":{"line":15,"column":52}},"7":{"start":{"line":16,"column":19},"end":{"line":16,"column":53}},"8":{"start":{"line":17,"column":19},"end":{"line":17,"column":31}},"9":{"start":{"line":19,"column":16},"end":{"line":22,"column":1}},"10":{"start":{"line":24,"column":12},"end":{"line":24,"column":21}},"11":{"start":{"line":26,"column":0},"end":{"line":26,"column":31}},"12":{"start":{"line":27,"column":0},"end":{"line":27,"column":16}},"13":{"start":{"line":28,"column":0},"end":{"line":28,"column":24}},"14":{"start":{"line":29,"column":0},"end":{"line":29,"column":25}},"15":{"start":{"line":34,"column":17},"end":{"line":34,"column":61}},"16":{"start":{"line":36,"column":4},"end":{"line":38,"column":5}},"17":{"start":{"line":37,"column":8},"end":{"line":37,"column":64}},"18":{"start":{"line":40,"column":4},"end":{"line":44,"column":5}},"19":{"start":{"line":41,"column":8},"end":{"line":41,"column":32}},"20":{"start":{"line":43,"column":8},"end":{"line":43,"column":68}},"21":{"start":{"line":47,"column":0},"end":{"line":47,"column":40}},"22":{"start":{"line":49,"column":0},"end":{"line":56,"column":4}},"23":{"start":{"line":50,"column":17},"end":{"line":50,"column":69}},"24":{"start":{"line":51,"column":4},"end":{"line":55,"column":5}},"25":{"start":{"line":52,"column":8},"end":{"line":52,"column":32}},"26":{"start":{"line":54,"column":8},"end":{"line":54,"column":64}},"27":{"start":{"line":59,"column":4},"end":{"line":59,"column":33}},"28":{"start":{"line":60,"column":4},"end":{"line":60,"column":40}},"29":{"start":{"line":61,"column":4},"end":{"line":61,"column":40}},"30":{"start":{"line":62,"column":4},"end":{"line":62,"column":15}},"31":{"start":{"line":65,"column":0},"end":{"line":65,"column":25}}},"fnMap":{"0":{"name":"verify","decl":{"start":{"line":32,"column":15},"end":{"line":32,"column":21}},"loc":{"start":{"line":32,"column":48},"end":{"line":45,"column":1}},"line":32},"1":{"name":"(anonymous_1)","decl":{"start":{"line":49,"column":38},"end":{"line":49,"column":39}},"loc":{"start":{"line":49,"column":63},"end":{"line":56,"column":1}},"line":49},"2":{"name":"initApp","decl":{"start":{"line":58,"column":15},"end":{"line":58,"column":22}},"loc":{"start":{"line":58,"column":25},"end":{"line":63,"column":1}},"line":58}},"branchMap":{"0":{"loc":{"start":{"line":36,"column":4},"end":{"line":38,"column":5}},"type":"if","locations":[{"start":{"line":36,"column":4},"end":{"line":38,"column":5}},{"start":{"line":36,"column":4},"end":{"line":38,"column":5}}],"line":36},"1":{"loc":{"start":{"line":40,"column":4},"end":{"line":44,"column":5}},"type":"if","locations":[{"start":{"line":40,"column":4},"end":{"line":44,"column":5}},{"start":{"line":40,"column":4},"end":{"line":44,"column":5}}],"line":40},"2":{"loc":{"start":{"line":51,"column":4},"end":{"line":55,"column":5}},"type":"if","locations":[{"start":{"line":51,"column":4},"end":{"line":55,"column":5}},{"start":{"line":51,"column":4},"end":{"line":55,"column":5}}],"line":51}},"s":{"0":1,"1":1,"2":1,"3":1,"4":1,"5":1,"6":1,"7":1,"8":1,"9":1,"10":1,"11":1,"12":1,"13":1,"14":1,"15":23,"16":23,"17":0,"18":23,"19":23,"20":0,"21":1,"22":1,"23":25,"24":25,"25":25,"26":0,"27":3,"28":3,"29":3,"30":3,"31":1},"f":{"0":23,"1":25,"2":3},"b":{"0":[0,23],"1":[23,0],"2":[25,0]},"_coverageSchema":"43e27e138ebf9cfc5966b082cf9a028302ed4184","hash":"5c7fcea02206f8aee83bd1594d2d6fab4c72698a"}
,"/home/clara/Documentos/misrepos/blog-APIrest-practice-/backend/src/controller/index.js": {"path":"/home/clara/Documentos/misrepos/blog-APIrest-practice-/backend/src/controller/index.js","statementMap":{"0":{"start":{"line":1,"column":15},"end":{"line":1,"column":42}},"1":{"start":{"line":3,"column":23},"end":{"line":3,"column":50}},"2":{"start":{"line":4,"column":14},"end":{"line":4,"column":32}},"3":{"start":{"line":5,"column":17},"end":{"line":5,"column":38}},"4":{"start":{"line":6,"column":14},"end":{"line":6,"column":32}},"5":{"start":{"line":7,"column":14},"end":{"line":7,"column":32}},"6":{"start":{"line":10,"column":0},"end":{"line":10,"column":46}},"7":{"start":{"line":11,"column":0},"end":{"line":11,"column":28}},"8":{"start":{"line":12,"column":0},"end":{"line":12,"column":43}},"9":{"start":{"line":13,"column":0},"end":{"line":13,"column":22}},"10":{"start":{"line":14,"column":0},"end":{"line":14,"column":27}},"11":{"start":{"line":17,"column":0},"end":{"line":17,"column":24}}},"fnMap":{},"branchMap":{},"s":{"0":1,"1":1,"2":1,"3":1,"4":1,"5":1,"6":1,"7":1,"8":1,"9":1,"10":1,"11":1},"f":{},"b":{},"_coverageSchema":"43e27e138ebf9cfc5966b082cf9a028302ed4184","hash":"503dec22a055770be187ef52f275f28cbec98e4f"}
,"/home/clara/Documentos/misrepos/blog-APIrest-practice-/backend/src/controller/comments/index.js": {"path":"/home/clara/Documentos/misrepos/blog-APIrest-practice-/backend/src/controller/comments/index.js","statementMap":{"0":{"start":{"line":4,"column":16},"end":{"line":4,"column":34}},"1":{"start":{"line":5,"column":23},"end":{"line":5,"column":60}},"2":{"start":{"line":6,"column":19},"end":{"line":6,"column":46}},"3":{"start":{"line":7,"column":18},"end":{"line":7,"column":45}},"4":{"start":{"line":8,"column":17},"end":{"line":8,"column":44}},"5":{"start":{"line":9,"column":17},"end":{"line":9,"column":36}},"6":{"start":{"line":12,"column":0},"end":{"line":41,"column":7}},"7":{"start":{"line":15,"column":21},"end":{"line":15,"column":29}},"8":{"start":{"line":16,"column":34},"end":{"line":16,"column":38}},"9":{"start":{"line":17,"column":23},"end":{"line":17,"column":36}},"10":{"start":{"line":18,"column":24},"end":{"line":18,"column":32}},"11":{"start":{"line":19,"column":25},"end":{"line":19,"column":32}},"12":{"start":{"line":20,"column":8},"end":{"line":20,"column":37}},"13":{"start":{"line":21,"column":8},"end":{"line":21,"column":34}},"14":{"start":{"line":22,"column":8},"end":{"line":22,"column":36}},"15":{"start":{"line":25,"column":8},"end":{"line":40,"column":9}},"16":{"start":{"line":26,"column":12},"end":{"line":26,"column":49}},"17":{"start":{"line":29,"column":13},"end":{"line":40,"column":9}},"18":{"start":{"line":30,"column":12},"end":{"line":30,"column":49}},"19":{"start":{"line":32,"column":33},"end":{"line":32,"column":90}},"20":{"start":{"line":33,"column":31},"end":{"line":33,"column":66}},"21":{"start":{"line":34,"column":12},"end":{"line":39,"column":13}},"22":{"start":{"line":35,"column":16},"end":{"line":35,"column":70}},"23":{"start":{"line":36,"column":16},"end":{"line":36,"column":34}},"24":{"start":{"line":38,"column":16},"end":{"line":38,"column":49}},"25":{"start":{"line":44,"column":0},"end":{"line":62,"column":7}},"26":{"start":{"line":47,"column":23},"end":{"line":47,"column":36}},"27":{"start":{"line":48,"column":26},"end":{"line":48,"column":46}},"28":{"start":{"line":49,"column":34},"end":{"line":49,"column":42}},"29":{"start":{"line":50,"column":24},"end":{"line":50,"column":80}},"30":{"start":{"line":52,"column":8},"end":{"line":61,"column":9}},"31":{"start":{"line":53,"column":12},"end":{"line":53,"column":54}},"32":{"start":{"line":54,"column":15},"end":{"line":61,"column":9}},"33":{"start":{"line":57,"column":12},"end":{"line":57,"column":49}},"34":{"start":{"line":59,"column":12},"end":{"line":59,"column":75}},"35":{"start":{"line":60,"column":12},"end":{"line":60,"column":33}},"36":{"start":{"line":65,"column":0},"end":{"line":109,"column":7}},"37":{"start":{"line":68,"column":26},"end":{"line":68,"column":46}},"38":{"start":{"line":69,"column":23},"end":{"line":69,"column":36}},"39":{"start":{"line":71,"column":21},"end":{"line":71,"column":29}},"40":{"start":{"line":72,"column":34},"end":{"line":72,"column":38}},"41":{"start":{"line":75,"column":30},"end":{"line":75,"column":86}},"42":{"start":{"line":76,"column":32},"end":{"line":76,"column":60}},"43":{"start":{"line":77,"column":25},"end":{"line":77,"column":40}},"44":{"start":{"line":79,"column":8},"end":{"line":108,"column":9}},"45":{"start":{"line":81,"column":12},"end":{"line":81,"column":82}},"46":{"start":{"line":83,"column":15},"end":{"line":108,"column":9}},"47":{"start":{"line":85,"column":12},"end":{"line":85,"column":49}},"48":{"start":{"line":88,"column":31},"end":{"line":88,"column":39}},"49":{"start":{"line":89,"column":29},"end":{"line":89,"column":39}},"50":{"start":{"line":90,"column":12},"end":{"line":90,"column":35}},"51":{"start":{"line":93,"column":12},"end":{"line":107,"column":13}},"52":{"start":{"line":94,"column":16},"end":{"line":94,"column":53}},"53":{"start":{"line":97,"column":37},"end":{"line":97,"column":94}},"54":{"start":{"line":98,"column":35},"end":{"line":98,"column":70}},"55":{"start":{"line":99,"column":16},"end":{"line":106,"column":17}},"56":{"start":{"line":100,"column":20},"end":{"line":100,"column":53}},"57":{"start":{"line":103,"column":43},"end":{"line":103,"column":117}},"58":{"start":{"line":104,"column":20},"end":{"line":104,"column":99}},"59":{"start":{"line":105,"column":20},"end":{"line":105,"column":45}},"60":{"start":{"line":111,"column":0},"end":{"line":111,"column":32}}},"fnMap":{"0":{"name":"(anonymous_0)","decl":{"start":{"line":14,"column":4},"end":{"line":14,"column":5}},"loc":{"start":{"line":14,"column":24},"end":{"line":41,"column":5}},"line":14},"1":{"name":"(anonymous_1)","decl":{"start":{"line":46,"column":4},"end":{"line":46,"column":5}},"loc":{"start":{"line":46,"column":24},"end":{"line":62,"column":5}},"line":46},"2":{"name":"(anonymous_2)","decl":{"start":{"line":67,"column":4},"end":{"line":67,"column":5}},"loc":{"start":{"line":67,"column":24},"end":{"line":109,"column":5}},"line":67}},"branchMap":{"0":{"loc":{"start":{"line":25,"column":8},"end":{"line":40,"column":9}},"type":"if","locations":[{"start":{"line":25,"column":8},"end":{"line":40,"column":9}},{"start":{"line":25,"column":8},"end":{"line":40,"column":9}}],"line":25},"1":{"loc":{"start":{"line":25,"column":12},"end":{"line":25,"column":50}},"type":"binary-expr","locations":[{"start":{"line":25,"column":12},"end":{"line":25,"column":27}},{"start":{"line":25,"column":31},"end":{"line":25,"column":50}}],"line":25},"2":{"loc":{"start":{"line":29,"column":13},"end":{"line":40,"column":9}},"type":"if","locations":[{"start":{"line":29,"column":13},"end":{"line":40,"column":9}},{"start":{"line":29,"column":13},"end":{"line":40,"column":9}}],"line":29},"3":{"loc":{"start":{"line":34,"column":12},"end":{"line":39,"column":13}},"type":"if","locations":[{"start":{"line":34,"column":12},"end":{"line":39,"column":13}},{"start":{"line":34,"column":12},"end":{"line":39,"column":13}}],"line":34},"4":{"loc":{"start":{"line":52,"column":8},"end":{"line":61,"column":9}},"type":"if","locations":[{"start":{"line":52,"column":8},"end":{"line":61,"column":9}},{"start":{"line":52,"column":8},"end":{"line":61,"column":9}}],"line":52},"5":{"loc":{"start":{"line":54,"column":15},"end":{"line":61,"column":9}},"type":"if","locations":[{"start":{"line":54,"column":15},"end":{"line":61,"column":9}},{"start":{"line":54,"column":15},"end":{"line":61,"column":9}}],"line":54},"6":{"loc":{"start":{"line":55,"column":12},"end":{"line":55,"column":60}},"type":"binary-expr","locations":[{"start":{"line":55,"column":12},"end":{"line":55,"column":27}},{"start":{"line":55,"column":31},"end":{"line":55,"column":60}}],"line":55},"7":{"loc":{"start":{"line":79,"column":8},"end":{"line":108,"column":9}},"type":"if","locations":[{"start":{"line":79,"column":8},"end":{"line":108,"column":9}},{"start":{"line":79,"column":8},"end":{"line":108,"column":9}}],"line":79},"8":{"loc":{"start":{"line":83,"column":15},"end":{"line":108,"column":9}},"type":"if","locations":[{"start":{"line":83,"column":15},"end":{"line":108,"column":9}},{"start":{"line":83,"column":15},"end":{"line":108,"column":9}}],"line":83},"9":{"loc":{"start":{"line":83,"column":19},"end":{"line":83,"column":75}},"type":"binary-expr","locations":[{"start":{"line":83,"column":19},"end":{"line":83,"column":34}},{"start":{"line":83,"column":38},"end":{"line":83,"column":75}}],"line":83},"10":{"loc":{"start":{"line":93,"column":12},"end":{"line":107,"column":13}},"type":"if","locations":[{"start":{"line":93,"column":12},"end":{"line":107,"column":13}},{"start":{"line":93,"column":12},"end":{"line":107,"column":13}}],"line":93},"11":{"loc":{"start":{"line":99,"column":16},"end":{"line":106,"column":17}},"type":"if","locations":[{"start":{"line":99,"column":16},"end":{"line":106,"column":17}},{"start":{"line":99,"column":16},"end":{"line":106,"column":17}}],"line":99}},"s":{"0":1,"1":1,"2":1,"3":1,"4":1,"5":1,"6":1,"7":3,"8":3,"9":3,"10":3,"11":3,"12":3,"13":3,"14":3,"15":3,"16":0,"17":3,"18":0,"19":3,"20":3,"21":3,"22":2,"23":2,"24":1,"25":1,"26":2,"27":2,"28":2,"29":2,"30":2,"31":0,"32":2,"33":1,"34":1,"35":1,"36":1,"37":2,"38":2,"39":2,"40":2,"41":2,"42":2,"43":2,"44":2,"45":0,"46":2,"47":0,"48":2,"49":2,"50":2,"51":2,"52":0,"53":2,"54":2,"55":2,"56":0,"57":2,"58":2,"59":2,"60":1},"f":{"0":3,"1":2,"2":2},"b":{"0":[0,3],"1":[3,1],"2":[0,3],"3":[2,1],"4":[0,2],"5":[1,1],"6":[2,1],"7":[0,2],"8":[0,2],"9":[2,1],"10":[0,2],"11":[0,2]},"_coverageSchema":"43e27e138ebf9cfc5966b082cf9a028302ed4184","hash":"8007d8287227b91fea795c52b86c27fab9e066a3"}
,"/home/clara/Documentos/misrepos/blog-APIrest-practice-/backend/src/controller/login/index.js": {"path":"/home/clara/Documentos/misrepos/blog-APIrest-practice-/backend/src/controller/login/index.js","statementMap":{"0":{"start":{"line":3,"column":16},"end":{"line":3,"column":34}},"1":{"start":{"line":4,"column":20},"end":{"line":4,"column":36}},"2":{"start":{"line":6,"column":17},"end":{"line":6,"column":36}},"3":{"start":{"line":7,"column":12},"end":{"line":7,"column":35}},"4":{"start":{"line":8,"column":19},"end":{"line":8,"column":31}},"5":{"start":{"line":11,"column":0},"end":{"line":22,"column":7}},"6":{"start":{"line":15,"column":29},"end":{"line":15,"column":37}},"7":{"start":{"line":17,"column":21},"end":{"line":17,"column":39}},"8":{"start":{"line":18,"column":22},"end":{"line":18,"column":62}},"9":{"start":{"line":20,"column":8},"end":{"line":20,"column":71}},"10":{"start":{"line":24,"column":0},"end":{"line":24,"column":29}}},"fnMap":{"0":{"name":"(anonymous_0)","decl":{"start":{"line":13,"column":4},"end":{"line":13,"column":5}},"loc":{"start":{"line":13,"column":18},"end":{"line":22,"column":5}},"line":13}},"branchMap":{},"s":{"0":1,"1":1,"2":1,"3":1,"4":1,"5":1,"6":23,"7":23,"8":23,"9":23,"10":1},"f":{"0":23},"b":{},"_coverageSchema":"43e27e138ebf9cfc5966b082cf9a028302ed4184","hash":"9d6757416caa7269c94c6809e6959c50921d5cb2"}
,"/home/clara/Documentos/misrepos/blog-APIrest-practice-/backend/src/controller/offensivewords/index.js": {"path":"/home/clara/Documentos/misrepos/blog-APIrest-practice-/backend/src/controller/offensivewords/index.js","statementMap":{"0":{"start":{"line":4,"column":16},"end":{"line":4,"column":34}},"1":{"start":{"line":5,"column":29},"end":{"line":5,"column":45}},"2":{"start":{"line":6,"column":19},"end":{"line":6,"column":46}},"3":{"start":{"line":7,"column":17},"end":{"line":7,"column":36}},"4":{"start":{"line":9,"column":0},"end":{"line":31,"column":7}},"5":{"start":{"line":12,"column":30},"end":{"line":12,"column":38}},"6":{"start":{"line":13,"column":32},"end":{"line":13,"column":45}},"7":{"start":{"line":14,"column":25},"end":{"line":14,"column":82}},"8":{"start":{"line":15,"column":24},"end":{"line":15,"column":32}},"9":{"start":{"line":17,"column":8},"end":{"line":30,"column":9}},"10":{"start":{"line":18,"column":12},"end":{"line":18,"column":48}},"11":{"start":{"line":19,"column":15},"end":{"line":30,"column":9}},"12":{"start":{"line":24,"column":12},"end":{"line":24,"column":49}},"13":{"start":{"line":25,"column":15},"end":{"line":30,"column":9}},"14":{"start":{"line":26,"column":12},"end":{"line":26,"column":71}},"15":{"start":{"line":28,"column":12},"end":{"line":28,"column":79}},"16":{"start":{"line":29,"column":12},"end":{"line":29,"column":36}},"17":{"start":{"line":33,"column":0},"end":{"line":43,"column":7}},"18":{"start":{"line":36,"column":24},"end":{"line":36,"column":32}},"19":{"start":{"line":37,"column":8},"end":{"line":42,"column":9}},"20":{"start":{"line":38,"column":12},"end":{"line":38,"column":48}},"21":{"start":{"line":40,"column":29},"end":{"line":40,"column":86}},"22":{"start":{"line":41,"column":12},"end":{"line":41,"column":31}},"23":{"start":{"line":45,"column":0},"end":{"line":58,"column":7}},"24":{"start":{"line":48,"column":24},"end":{"line":48,"column":32}},"25":{"start":{"line":49,"column":19},"end":{"line":49,"column":32}},"26":{"start":{"line":50,"column":30},"end":{"line":50,"column":89}},"27":{"start":{"line":51,"column":8},"end":{"line":57,"column":9}},"28":{"start":{"line":52,"column":12},"end":{"line":52,"column":48}},"29":{"start":{"line":53,"column":15},"end":{"line":57,"column":9}},"30":{"start":{"line":54,"column":12},"end":{"line":54,"column":51}},"31":{"start":{"line":56,"column":12},"end":{"line":56,"column":36}},"32":{"start":{"line":60,"column":0},"end":{"line":74,"column":7}},"33":{"start":{"line":63,"column":24},"end":{"line":63,"column":32}},"34":{"start":{"line":64,"column":19},"end":{"line":64,"column":32}},"35":{"start":{"line":65,"column":30},"end":{"line":65,"column":89}},"36":{"start":{"line":66,"column":8},"end":{"line":73,"column":9}},"37":{"start":{"line":67,"column":12},"end":{"line":67,"column":48}},"38":{"start":{"line":68,"column":15},"end":{"line":73,"column":9}},"39":{"start":{"line":69,"column":12},"end":{"line":69,"column":51}},"40":{"start":{"line":71,"column":12},"end":{"line":71,"column":75}},"41":{"start":{"line":72,"column":12},"end":{"line":72,"column":36}},"42":{"start":{"line":76,"column":0},"end":{"line":98,"column":7}},"43":{"start":{"line":79,"column":24},"end":{"line":79,"column":32}},"44":{"start":{"line":80,"column":19},"end":{"line":80,"column":32}},"45":{"start":{"line":81,"column":30},"end":{"line":81,"column":89}},"46":{"start":{"line":82,"column":8},"end":{"line":97,"column":9}},"47":{"start":{"line":83,"column":12},"end":{"line":83,"column":48}},"48":{"start":{"line":84,"column":15},"end":{"line":97,"column":9}},"49":{"start":{"line":85,"column":12},"end":{"line":85,"column":52}},"50":{"start":{"line":87,"column":37},"end":{"line":87,"column":45}},"51":{"start":{"line":88,"column":12},"end":{"line":96,"column":13}},"52":{"start":{"line":92,"column":16},"end":{"line":92,"column":53}},"53":{"start":{"line":94,"column":16},"end":{"line":94,"column":97}},"54":{"start":{"line":95,"column":16},"end":{"line":95,"column":43}},"55":{"start":{"line":100,"column":0},"end":{"line":100,"column":38}}},"fnMap":{"0":{"name":"(anonymous_0)","decl":{"start":{"line":11,"column":4},"end":{"line":11,"column":5}},"loc":{"start":{"line":11,"column":24},"end":{"line":31,"column":5}},"line":11},"1":{"name":"(anonymous_1)","decl":{"start":{"line":35,"column":4},"end":{"line":35,"column":5}},"loc":{"start":{"line":35,"column":24},"end":{"line":43,"column":5}},"line":35},"2":{"name":"(anonymous_2)","decl":{"start":{"line":47,"column":4},"end":{"line":47,"column":5}},"loc":{"start":{"line":47,"column":24},"end":{"line":58,"column":5}},"line":47},"3":{"name":"(anonymous_3)","decl":{"start":{"line":62,"column":4},"end":{"line":62,"column":5}},"loc":{"start":{"line":62,"column":24},"end":{"line":74,"column":5}},"line":62},"4":{"name":"(anonymous_4)","decl":{"start":{"line":78,"column":4},"end":{"line":78,"column":5}},"loc":{"start":{"line":78,"column":24},"end":{"line":98,"column":5}},"line":78}},"branchMap":{"0":{"loc":{"start":{"line":17,"column":8},"end":{"line":30,"column":9}},"type":"if","locations":[{"start":{"line":17,"column":8},"end":{"line":30,"column":9}},{"start":{"line":17,"column":8},"end":{"line":30,"column":9}}],"line":17},"1":{"loc":{"start":{"line":19,"column":15},"end":{"line":30,"column":9}},"type":"if","locations":[{"start":{"line":19,"column":15},"end":{"line":30,"column":9}},{"start":{"line":19,"column":15},"end":{"line":30,"column":9}}],"line":19},"2":{"loc":{"start":{"line":20,"column":12},"end":{"line":22,"column":35}},"type":"binary-expr","locations":[{"start":{"line":20,"column":12},"end":{"line":20,"column":35}},{"start":{"line":21,"column":12},"end":{"line":21,"column":36}},{"start":{"line":22,"column":12},"end":{"line":22,"column":21}},{"start":{"line":22,"column":25},"end":{"line":22,"column":35}}],"line":20},"3":{"loc":{"start":{"line":25,"column":15},"end":{"line":30,"column":9}},"type":"if","locations":[{"start":{"line":25,"column":15},"end":{"line":30,"column":9}},{"start":{"line":25,"column":15},"end":{"line":30,"column":9}}],"line":25},"4":{"loc":{"start":{"line":37,"column":8},"end":{"line":42,"column":9}},"type":"if","locations":[{"start":{"line":37,"column":8},"end":{"line":42,"column":9}},{"start":{"line":37,"column":8},"end":{"line":42,"column":9}}],"line":37},"5":{"loc":{"start":{"line":51,"column":8},"end":{"line":57,"column":9}},"type":"if","locations":[{"start":{"line":51,"column":8},"end":{"line":57,"column":9}},{"start":{"line":51,"column":8},"end":{"line":57,"column":9}}],"line":51},"6":{"loc":{"start":{"line":53,"column":15},"end":{"line":57,"column":9}},"type":"if","locations":[{"start":{"line":53,"column":15},"end":{"line":57,"column":9}},{"start":{"line":53,"column":15},"end":{"line":57,"column":9}}],"line":53},"7":{"loc":{"start":{"line":66,"column":8},"end":{"line":73,"column":9}},"type":"if","locations":[{"start":{"line":66,"column":8},"end":{"line":73,"column":9}},{"start":{"line":66,"column":8},"end":{"line":73,"column":9}}],"line":66},"8":{"loc":{"start":{"line":68,"column":15},"end":{"line":73,"column":9}},"type":"if","locations":[{"start":{"line":68,"column":15},"end":{"line":73,"column":9}},{"start":{"line":68,"column":15},"end":{"line":73,"column":9}}],"line":68},"9":{"loc":{"start":{"line":82,"column":8},"end":{"line":97,"column":9}},"type":"if","locations":[{"start":{"line":82,"column":8},"end":{"line":97,"column":9}},{"start":{"line":82,"column":8},"end":{"line":97,"column":9}}],"line":82},"10":{"loc":{"start":{"line":84,"column":15},"end":{"line":97,"column":9}},"type":"if","locations":[{"start":{"line":84,"column":15},"end":{"line":97,"column":9}},{"start":{"line":84,"column":15},"end":{"line":97,"column":9}}],"line":84},"11":{"loc":{"start":{"line":88,"column":12},"end":{"line":96,"column":13}},"type":"if","locations":[{"start":{"line":88,"column":12},"end":{"line":96,"column":13}},{"start":{"line":88,"column":12},"end":{"line":96,"column":13}}],"line":88},"12":{"loc":{"start":{"line":89,"column":16},"end":{"line":90,"column":57}},"type":"binary-expr","locations":[{"start":{"line":89,"column":16},"end":{"line":89,"column":56}},{"start":{"line":90,"column":16},"end":{"line":90,"column":57}}],"line":89}},"s":{"0":1,"1":1,"2":1,"3":1,"4":1,"5":2,"6":2,"7":2,"8":2,"9":2,"10":1,"11":1,"12":0,"13":1,"14":0,"15":1,"16":1,"17":1,"18":5,"19":5,"20":1,"21":4,"22":4,"23":1,"24":3,"25":3,"26":3,"27":3,"28":0,"29":3,"30":1,"31":2,"32":1,"33":1,"34":1,"35":1,"36":1,"37":0,"38":1,"39":0,"40":1,"41":1,"42":1,"43":1,"44":1,"45":1,"46":1,"47":0,"48":1,"49":0,"50":1,"51":1,"52":0,"53":1,"54":1,"55":1},"f":{"0":2,"1":5,"2":3,"3":1,"4":1},"b":{"0":[1,1],"1":[0,1],"2":[1,1,1,1],"3":[0,1],"4":[1,4],"5":[0,3],"6":[1,2],"7":[0,1],"8":[0,1],"9":[0,1],"10":[0,1],"11":[0,1],"12":[1,1]},"_coverageSchema":"43e27e138ebf9cfc5966b082cf9a028302ed4184","hash":"61ae11be2de98ebaa5ecb90de36cf94efa2bbabf"}
,"/home/clara/Documentos/misrepos/blog-APIrest-practice-/backend/src/controller/posts/index.js": {"path":"/home/clara/Documentos/misrepos/blog-APIrest-practice-/backend/src/controller/posts/index.js","statementMap":{"0":{"start":{"line":4,"column":16},"end":{"line":4,"column":34}},"1":{"start":{"line":5,"column":20},"end":{"line":5,"column":36}},"2":{"start":{"line":6,"column":19},"end":{"line":6,"column":46}},"3":{"start":{"line":7,"column":17},"end":{"line":7,"column":36}},"4":{"start":{"line":9,"column":0},"end":{"line":30,"column":7}},"5":{"start":{"line":12,"column":21},"end":{"line":12,"column":29}},"6":{"start":{"line":13,"column":21},"end":{"line":13,"column":29}},"7":{"start":{"line":14,"column":44},"end":{"line":14,"column":48}},"8":{"start":{"line":15,"column":35},"end":{"line":15,"column":39}},"9":{"start":{"line":17,"column":8},"end":{"line":29,"column":9}},"10":{"start":{"line":18,"column":12},"end":{"line":18,"column":49}},"11":{"start":{"line":19,"column":15},"end":{"line":29,"column":9}},"12":{"start":{"line":25,"column":12},"end":{"line":25,"column":49}},"13":{"start":{"line":27,"column":27},"end":{"line":27,"column":72}},"14":{"start":{"line":28,"column":12},"end":{"line":28,"column":36}},"15":{"start":{"line":32,"column":0},"end":{"line":35,"column":3}},"16":{"start":{"line":33,"column":21},"end":{"line":33,"column":60}},"17":{"start":{"line":34,"column":4},"end":{"line":34,"column":23}},"18":{"start":{"line":37,"column":0},"end":{"line":45,"column":3}},"19":{"start":{"line":38,"column":15},"end":{"line":38,"column":32}},"20":{"start":{"line":39,"column":17},"end":{"line":39,"column":58}},"21":{"start":{"line":40,"column":4},"end":{"line":44,"column":5}},"22":{"start":{"line":41,"column":8},"end":{"line":41,"column":28}},"23":{"start":{"line":43,"column":8},"end":{"line":43,"column":23}},"24":{"start":{"line":47,"column":0},"end":{"line":64,"column":7}},"25":{"start":{"line":50,"column":19},"end":{"line":50,"column":36}},"26":{"start":{"line":51,"column":21},"end":{"line":51,"column":29}},"27":{"start":{"line":52,"column":21},"end":{"line":52,"column":62}},"28":{"start":{"line":53,"column":34},"end":{"line":53,"column":38}},"29":{"start":{"line":54,"column":27},"end":{"line":54,"column":31}},"30":{"start":{"line":55,"column":8},"end":{"line":63,"column":9}},"31":{"start":{"line":56,"column":12},"end":{"line":56,"column":49}},"32":{"start":{"line":58,"column":13},"end":{"line":63,"column":9}},"33":{"start":{"line":59,"column":12},"end":{"line":59,"column":46}},"34":{"start":{"line":61,"column":12},"end":{"line":61,"column":57}},"35":{"start":{"line":62,"column":12},"end":{"line":62,"column":27}},"36":{"start":{"line":66,"column":0},"end":{"line":99,"column":7}},"37":{"start":{"line":70,"column":19},"end":{"line":70,"column":36}},"38":{"start":{"line":71,"column":21},"end":{"line":71,"column":29}},"39":{"start":{"line":72,"column":34},"end":{"line":72,"column":38}},"40":{"start":{"line":73,"column":21},"end":{"line":73,"column":62}},"41":{"start":{"line":74,"column":27},"end":{"line":74,"column":31}},"42":{"start":{"line":76,"column":8},"end":{"line":98,"column":9}},"43":{"start":{"line":79,"column":12},"end":{"line":79,"column":49}},"44":{"start":{"line":81,"column":13},"end":{"line":98,"column":9}},"45":{"start":{"line":82,"column":12},"end":{"line":82,"column":46}},"46":{"start":{"line":84,"column":28},"end":{"line":84,"column":36}},"47":{"start":{"line":85,"column":51},"end":{"line":85,"column":58}},"48":{"start":{"line":87,"column":12},"end":{"line":97,"column":13}},"49":{"start":{"line":92,"column":16},"end":{"line":92,"column":36}},"50":{"start":{"line":94,"column":35},"end":{"line":94,"column":86}},"51":{"start":{"line":95,"column":16},"end":{"line":95,"column":69}},"52":{"start":{"line":96,"column":16},"end":{"line":96,"column":37}},"53":{"start":{"line":101,"column":0},"end":{"line":101,"column":29}}},"fnMap":{"0":{"name":"(anonymous_0)","decl":{"start":{"line":11,"column":4},"end":{"line":11,"column":5}},"loc":{"start":{"line":11,"column":24},"end":{"line":30,"column":5}},"line":11},"1":{"name":"(anonymous_1)","decl":{"start":{"line":32,"column":21},"end":{"line":32,"column":22}},"loc":{"start":{"line":32,"column":41},"end":{"line":35,"column":1}},"line":32},"2":{"name":"(anonymous_2)","decl":{"start":{"line":37,"column":28},"end":{"line":37,"column":29}},"loc":{"start":{"line":37,"column":48},"end":{"line":45,"column":1}},"line":37},"3":{"name":"(anonymous_3)","decl":{"start":{"line":49,"column":4},"end":{"line":49,"column":5}},"loc":{"start":{"line":49,"column":24},"end":{"line":64,"column":5}},"line":49},"4":{"name":"(anonymous_4)","decl":{"start":{"line":68,"column":4},"end":{"line":68,"column":5}},"loc":{"start":{"line":68,"column":24},"end":{"line":99,"column":5}},"line":68}},"branchMap":{"0":{"loc":{"start":{"line":17,"column":8},"end":{"line":29,"column":9}},"type":"if","locations":[{"start":{"line":17,"column":8},"end":{"line":29,"column":9}},{"start":{"line":17,"column":8},"end":{"line":29,"column":9}}],"line":17},"1":{"loc":{"start":{"line":17,"column":12},"end":{"line":17,"column":50}},"type":"binary-expr","locations":[{"start":{"line":17,"column":12},"end":{"line":17,"column":27}},{"start":{"line":17,"column":31},"end":{"line":17,"column":50}}],"line":17},"2":{"loc":{"start":{"line":19,"column":15},"end":{"line":29,"column":9}},"type":"if","locations":[{"start":{"line":19,"column":15},"end":{"line":29,"column":9}},{"start":{"line":19,"column":15},"end":{"line":29,"column":9}}],"line":19},"3":{"loc":{"start":{"line":20,"column":12},"end":{"line":23,"column":38}},"type":"binary-expr","locations":[{"start":{"line":20,"column":12},"end":{"line":20,"column":39}},{"start":{"line":21,"column":12},"end":{"line":21,"column":39}},{"start":{"line":22,"column":12},"end":{"line":22,"column":36}},{"start":{"line":23,"column":12},"end":{"line":23,"column":38}}],"line":20},"4":{"loc":{"start":{"line":40,"column":4},"end":{"line":44,"column":5}},"type":"if","locations":[{"start":{"line":40,"column":4},"end":{"line":44,"column":5}},{"start":{"line":40,"column":4},"end":{"line":44,"column":5}}],"line":40},"5":{"loc":{"start":{"line":55,"column":8},"end":{"line":63,"column":9}},"type":"if","locations":[{"start":{"line":55,"column":8},"end":{"line":63,"column":9}},{"start":{"line":55,"column":8},"end":{"line":63,"column":9}}],"line":55},"6":{"loc":{"start":{"line":55,"column":12},"end":{"line":55,"column":50}},"type":"binary-expr","locations":[{"start":{"line":55,"column":12},"end":{"line":55,"column":27}},{"start":{"line":55,"column":31},"end":{"line":55,"column":50}}],"line":55},"7":{"loc":{"start":{"line":58,"column":13},"end":{"line":63,"column":9}},"type":"if","locations":[{"start":{"line":58,"column":13},"end":{"line":63,"column":9}},{"start":{"line":58,"column":13},"end":{"line":63,"column":9}}],"line":58},"8":{"loc":{"start":{"line":76,"column":8},"end":{"line":98,"column":9}},"type":"if","locations":[{"start":{"line":76,"column":8},"end":{"line":98,"column":9}},{"start":{"line":76,"column":8},"end":{"line":98,"column":9}}],"line":76},"9":{"loc":{"start":{"line":77,"column":12},"end":{"line":77,"column":50}},"type":"binary-expr","locations":[{"start":{"line":77,"column":12},"end":{"line":77,"column":27}},{"start":{"line":77,"column":31},"end":{"line":77,"column":50}}],"line":77},"10":{"loc":{"start":{"line":81,"column":13},"end":{"line":98,"column":9}},"type":"if","locations":[{"start":{"line":81,"column":13},"end":{"line":98,"column":9}},{"start":{"line":81,"column":13},"end":{"line":98,"column":9}}],"line":81},"11":{"loc":{"start":{"line":87,"column":12},"end":{"line":97,"column":13}},"type":"if","locations":[{"start":{"line":87,"column":12},"end":{"line":97,"column":13}},{"start":{"line":87,"column":12},"end":{"line":97,"column":13}}],"line":87},"12":{"loc":{"start":{"line":88,"column":16},"end":{"line":90,"column":45}},"type":"binary-expr","locations":[{"start":{"line":88,"column":16},"end":{"line":88,"column":40}},{"start":{"line":89,"column":16},"end":{"line":89,"column":42}},{"start":{"line":90,"column":16},"end":{"line":90,"column":45}}],"line":88}},"s":{"0":1,"1":1,"2":1,"3":1,"4":1,"5":2,"6":2,"7":2,"8":2,"9":2,"10":0,"11":2,"12":0,"13":2,"14":2,"15":1,"16":15,"17":15,"18":1,"19":8,"20":8,"21":8,"22":0,"23":8,"24":1,"25":0,"26":0,"27":0,"28":0,"29":0,"30":0,"31":0,"32":0,"33":0,"34":0,"35":0,"36":1,"37":2,"38":2,"39":2,"40":2,"41":2,"42":2,"43":0,"44":2,"45":0,"46":2,"47":2,"48":2,"49":0,"50":2,"51":2,"52":2,"53":1},"f":{"0":2,"1":15,"2":8,"3":0,"4":2},"b":{"0":[0,2],"1":[2,1],"2":[0,2],"3":[2,2,2,2],"4":[0,8],"5":[0,0],"6":[0,0],"7":[0,0],"8":[0,2],"9":[2,1],"10":[0,2],"11":[0,2],"12":[2,2,2]},"_coverageSchema":"43e27e138ebf9cfc5966b082cf9a028302ed4184","hash":"5bf70a7a5d2b0cb045a603f30e40e52da6b1bf0e"}
,"/home/clara/Documentos/misrepos/blog-APIrest-practice-/backend/src/controller/users/index.js": {"path":"/home/clara/Documentos/misrepos/blog-APIrest-practice-/backend/src/controller/users/index.js","statementMap":{"0":{"start":{"line":1,"column":16},"end":{"line":1,"column":34}},"1":{"start":{"line":2,"column":20},"end":{"line":2,"column":36}},"2":{"start":{"line":3,"column":19},"end":{"line":3,"column":46}},"3":{"start":{"line":4,"column":17},"end":{"line":4,"column":36}},"4":{"start":{"line":6,"column":0},"end":{"line":24,"column":3}},"5":{"start":{"line":7,"column":17},"end":{"line":7,"column":25}},"6":{"start":{"line":8,"column":56},"end":{"line":8,"column":60}},"7":{"start":{"line":9,"column":19},"end":{"line":9,"column":53}},"8":{"start":{"line":11,"column":4},"end":{"line":23,"column":5}},"9":{"start":{"line":17,"column":8},"end":{"line":17,"column":45}},"10":{"start":{"line":18,"column":11},"end":{"line":23,"column":5}},"11":{"start":{"line":19,"column":8},"end":{"line":19,"column":49}},"12":{"start":{"line":21,"column":8},"end":{"line":21,"column":48}},"13":{"start":{"line":22,"column":8},"end":{"line":22,"column":23}},"14":{"start":{"line":26,"column":0},"end":{"line":36,"column":7}},"15":{"start":{"line":29,"column":22},"end":{"line":29,"column":30}},"16":{"start":{"line":30,"column":8},"end":{"line":35,"column":9}},"17":{"start":{"line":31,"column":12},"end":{"line":31,"column":48}},"18":{"start":{"line":33,"column":29},"end":{"line":33,"column":68}},"19":{"start":{"line":34,"column":12},"end":{"line":34,"column":31}},"20":{"start":{"line":38,"column":0},"end":{"line":38,"column":29}}},"fnMap":{"0":{"name":"(anonymous_0)","decl":{"start":{"line":6,"column":28},"end":{"line":6,"column":29}},"loc":{"start":{"line":6,"column":48},"end":{"line":24,"column":1}},"line":6},"1":{"name":"(anonymous_1)","decl":{"start":{"line":28,"column":4},"end":{"line":28,"column":5}},"loc":{"start":{"line":28,"column":24},"end":{"line":36,"column":5}},"line":28}},"branchMap":{"0":{"loc":{"start":{"line":11,"column":4},"end":{"line":23,"column":5}},"type":"if","locations":[{"start":{"line":11,"column":4},"end":{"line":23,"column":5}},{"start":{"line":11,"column":4},"end":{"line":23,"column":5}}],"line":11},"1":{"loc":{"start":{"line":12,"column":8},"end":{"line":15,"column":36}},"type":"binary-expr","locations":[{"start":{"line":12,"column":8},"end":{"line":12,"column":35}},{"start":{"line":13,"column":8},"end":{"line":13,"column":35}},{"start":{"line":14,"column":8},"end":{"line":14,"column":35}},{"start":{"line":15,"column":8},"end":{"line":15,"column":36}}],"line":12},"2":{"loc":{"start":{"line":18,"column":11},"end":{"line":23,"column":5}},"type":"if","locations":[{"start":{"line":18,"column":11},"end":{"line":23,"column":5}},{"start":{"line":18,"column":11},"end":{"line":23,"column":5}}],"line":18},"3":{"loc":{"start":{"line":30,"column":8},"end":{"line":35,"column":9}},"type":"if","locations":[{"start":{"line":30,"column":8},"end":{"line":35,"column":9}},{"start":{"line":30,"column":8},"end":{"line":35,"column":9}}],"line":30}},"s":{"0":1,"1":1,"2":1,"3":1,"4":1,"5":1,"6":1,"7":1,"8":1,"9":1,"10":0,"11":0,"12":0,"13":0,"14":1,"15":2,"16":2,"17":1,"18":1,"19":1,"20":1},"f":{"0":1,"1":2},"b":{"0":[1,0],"1":[1,1,1,1],"2":[0,0],"3":[1,1]},"_coverageSchema":"43e27e138ebf9cfc5966b082cf9a028302ed4184","hash":"8ecb244753ac85ff8db143c08682c70a7edc4ba7"}
,"/home/clara/Documentos/misrepos/blog-APIrest-practice-/backend/src/repository/OffensiveWords.js": {"path":"/home/clara/Documentos/misrepos/blog-APIrest-practice-/backend/src/repository/OffensiveWords.js","statementMap":{"0":{"start":{"line":1,"column":17},"end":{"line":1,"column":44}},"1":{"start":{"line":2,"column":0},"end":{"line":62,"column":1}},"2":{"start":{"line":4,"column":4},"end":{"line":4,"column":21}},"3":{"start":{"line":5,"column":4},"end":{"line":5,"column":66}},"4":{"start":{"line":9,"column":28},"end":{"line":9,"column":41}},"5":{"start":{"line":10,"column":29},"end":{"line":13,"column":5}},"6":{"start":{"line":14,"column":4},"end":{"line":14,"column":48}},"7":{"start":{"line":18,"column":4},"end":{"line":18,"column":46}},"8":{"start":{"line":22,"column":4},"end":{"line":22,"column":62}},"9":{"start":{"line":26,"column":4},"end":{"line":26,"column":64}},"10":{"start":{"line":30,"column":29},"end":{"line":33,"column":5}},"11":{"start":{"line":34,"column":4},"end":{"line":34,"column":92}},"12":{"start":{"line":38,"column":4},"end":{"line":45,"column":7}},"13":{"start":{"line":39,"column":30},"end":{"line":39,"column":34}},"14":{"start":{"line":40,"column":6},"end":{"line":44,"column":7}},"15":{"start":{"line":41,"column":8},"end":{"line":41,"column":80}},"16":{"start":{"line":43,"column":8},"end":{"line":43,"column":40}},"17":{"start":{"line":49,"column":21},"end":{"line":49,"column":34}},"18":{"start":{"line":50,"column":25},"end":{"line":50,"column":68}},"19":{"start":{"line":50,"column":49},"end":{"line":50,"column":67}},"20":{"start":{"line":51,"column":4},"end":{"line":55,"column":5}},"21":{"start":{"line":52,"column":6},"end":{"line":52,"column":19}},"22":{"start":{"line":54,"column":6},"end":{"line":54,"column":18}},"23":{"start":{"line":59,"column":4},"end":{"line":59,"column":28}}},"fnMap":{"0":{"name":"(anonymous_0)","decl":{"start":{"line":3,"column":2},"end":{"line":3,"column":3}},"loc":{"start":{"line":3,"column":20},"end":{"line":6,"column":3}},"line":3},"1":{"name":"(anonymous_1)","decl":{"start":{"line":8,"column":2},"end":{"line":8,"column":3}},"loc":{"start":{"line":8,"column":34},"end":{"line":15,"column":3}},"line":8},"2":{"name":"(anonymous_2)","decl":{"start":{"line":17,"column":2},"end":{"line":17,"column":3}},"loc":{"start":{"line":17,"column":25},"end":{"line":19,"column":3}},"line":17},"3":{"name":"(anonymous_3)","decl":{"start":{"line":21,"column":2},"end":{"line":21,"column":3}},"loc":{"start":{"line":21,"column":27},"end":{"line":23,"column":3}},"line":21},"4":{"name":"(anonymous_4)","decl":{"start":{"line":25,"column":2},"end":{"line":25,"column":3}},"loc":{"start":{"line":25,"column":30},"end":{"line":27,"column":3}},"line":25},"5":{"name":"(anonymous_5)","decl":{"start":{"line":29,"column":2},"end":{"line":29,"column":3}},"loc":{"start":{"line":29,"column":48},"end":{"line":35,"column":3}},"line":29},"6":{"name":"(anonymous_6)","decl":{"start":{"line":37,"column":2},"end":{"line":37,"column":3}},"loc":{"start":{"line":37,"column":28},"end":{"line":46,"column":3}},"line":37},"7":{"name":"(anonymous_7)","decl":{"start":{"line":38,"column":18},"end":{"line":38,"column":19}},"loc":{"start":{"line":38,"column":34},"end":{"line":45,"column":5}},"line":38},"8":{"name":"(anonymous_8)","decl":{"start":{"line":48,"column":2},"end":{"line":48,"column":3}},"loc":{"start":{"line":48,"column":45},"end":{"line":56,"column":3}},"line":48},"9":{"name":"(anonymous_9)","decl":{"start":{"line":50,"column":41},"end":{"line":50,"column":42}},"loc":{"start":{"line":50,"column":49},"end":{"line":50,"column":67}},"line":50},"10":{"name":"(anonymous_10)","decl":{"start":{"line":58,"column":2},"end":{"line":58,"column":3}},"loc":{"start":{"line":58,"column":12},"end":{"line":60,"column":3}},"line":58}},"branchMap":{"0":{"loc":{"start":{"line":40,"column":6},"end":{"line":44,"column":7}},"type":"if","locations":[{"start":{"line":40,"column":6},"end":{"line":44,"column":7}},{"start":{"line":40,"column":6},"end":{"line":44,"column":7}}],"line":40},"1":{"loc":{"start":{"line":40,"column":10},"end":{"line":40,"column":61}},"type":"binary-expr","locations":[{"start":{"line":40,"column":10},"end":{"line":40,"column":33}},{"start":{"line":40,"column":37},"end":{"line":40,"column":61}}],"line":40},"2":{"loc":{"start":{"line":51,"column":4},"end":{"line":55,"column":5}},"type":"if","locations":[{"start":{"line":51,"column":4},"end":{"line":55,"column":5}},{"start":{"line":51,"column":4},"end":{"line":55,"column":5}}],"line":51}},"s":{"0":1,"1":1,"2":3,"3":3,"4":1,"5":1,"6":1,"7":14,"8":5,"9":1,"10":1,"11":1,"12":0,"13":0,"14":0,"15":0,"16":0,"17":1,"18":1,"19":5,"20":1,"21":1,"22":0,"23":0},"f":{"0":3,"1":1,"2":14,"3":5,"4":1,"5":1,"6":0,"7":0,"8":1,"9":5,"10":0},"b":{"0":[0,0],"1":[0,0],"2":[1,0]},"_coverageSchema":"43e27e138ebf9cfc5966b082cf9a028302ed4184","hash":"21bd6589ce87d8e32cea1d96ce3e55fef62c068f"}
,"/home/clara/Documentos/misrepos/blog-APIrest-practice-/backend/src/repository/Posts.js": {"path":"/home/clara/Documentos/misrepos/blog-APIrest-practice-/backend/src/repository/Posts.js","statementMap":{"0":{"start":{"line":1,"column":17},"end":{"line":1,"column":44}},"1":{"start":{"line":2,"column":0},"end":{"line":125,"column":1}},"2":{"start":{"line":4,"column":8},"end":{"line":4,"column":25}},"3":{"start":{"line":5,"column":8},"end":{"line":5,"column":61}},"4":{"start":{"line":8,"column":39},"end":{"line":8,"column":43}},"5":{"start":{"line":9,"column":47},"end":{"line":9,"column":51}},"6":{"start":{"line":10,"column":24},"end":{"line":16,"column":9}},"7":{"start":{"line":17,"column":8},"end":{"line":17,"column":50}},"8":{"start":{"line":21,"column":8},"end":{"line":21,"column":75}},"9":{"start":{"line":25,"column":8},"end":{"line":25,"column":66}},"10":{"start":{"line":29,"column":8},"end":{"line":29,"column":68}},"11":{"start":{"line":33,"column":39},"end":{"line":33,"column":43}},"12":{"start":{"line":34,"column":47},"end":{"line":34,"column":54}},"13":{"start":{"line":35,"column":24},"end":{"line":42,"column":9}},"14":{"start":{"line":43,"column":8},"end":{"line":43,"column":23}},"15":{"start":{"line":48,"column":8},"end":{"line":51,"column":10}},"16":{"start":{"line":55,"column":46},"end":{"line":55,"column":53}},"17":{"start":{"line":56,"column":27},"end":{"line":61,"column":9}},"18":{"start":{"line":63,"column":8},"end":{"line":66,"column":10}},"19":{"start":{"line":70,"column":8},"end":{"line":72,"column":20}},"20":{"start":{"line":76,"column":8},"end":{"line":90,"column":21}},"21":{"start":{"line":94,"column":8},"end":{"line":97,"column":10}},"22":{"start":{"line":101,"column":31},"end":{"line":101,"column":41}},"23":{"start":{"line":102,"column":27},"end":{"line":108,"column":9}},"24":{"start":{"line":110,"column":8},"end":{"line":110,"column":26}},"25":{"start":{"line":115,"column":8},"end":{"line":118,"column":10}},"26":{"start":{"line":122,"column":8},"end":{"line":122,"column":32}}},"fnMap":{"0":{"name":"(anonymous_0)","decl":{"start":{"line":3,"column":4},"end":{"line":3,"column":5}},"loc":{"start":{"line":3,"column":22},"end":{"line":6,"column":5}},"line":3},"1":{"name":"(anonymous_1)","decl":{"start":{"line":7,"column":4},"end":{"line":7,"column":5}},"loc":{"start":{"line":7,"column":24},"end":{"line":18,"column":5}},"line":7},"2":{"name":"(anonymous_2)","decl":{"start":{"line":20,"column":4},"end":{"line":20,"column":5}},"loc":{"start":{"line":20,"column":18},"end":{"line":22,"column":5}},"line":20},"3":{"name":"(anonymous_3)","decl":{"start":{"line":24,"column":4},"end":{"line":24,"column":5}},"loc":{"start":{"line":24,"column":20},"end":{"line":26,"column":5}},"line":24},"4":{"name":"(anonymous_4)","decl":{"start":{"line":28,"column":4},"end":{"line":28,"column":5}},"loc":{"start":{"line":28,"column":23},"end":{"line":30,"column":5}},"line":28},"5":{"name":"(anonymous_5)","decl":{"start":{"line":32,"column":4},"end":{"line":32,"column":5}},"loc":{"start":{"line":32,"column":36},"end":{"line":44,"column":5}},"line":32},"6":{"name":"(anonymous_6)","decl":{"start":{"line":46,"column":4},"end":{"line":46,"column":5}},"loc":{"start":{"line":46,"column":28},"end":{"line":52,"column":5}},"line":46},"7":{"name":"(anonymous_7)","decl":{"start":{"line":54,"column":4},"end":{"line":54,"column":5}},"loc":{"start":{"line":54,"column":32},"end":{"line":67,"column":5}},"line":54},"8":{"name":"(anonymous_8)","decl":{"start":{"line":69,"column":4},"end":{"line":69,"column":5}},"loc":{"start":{"line":69,"column":24},"end":{"line":73,"column":5}},"line":69},"9":{"name":"(anonymous_9)","decl":{"start":{"line":75,"column":4},"end":{"line":75,"column":5}},"loc":{"start":{"line":75,"column":28},"end":{"line":91,"column":5}},"line":75},"10":{"name":"(anonymous_10)","decl":{"start":{"line":93,"column":4},"end":{"line":93,"column":5}},"loc":{"start":{"line":93,"column":34},"end":{"line":98,"column":5}},"line":93},"11":{"name":"(anonymous_11)","decl":{"start":{"line":100,"column":4},"end":{"line":100,"column":5}},"loc":{"start":{"line":100,"column":46},"end":{"line":111,"column":5}},"line":100},"12":{"name":"(anonymous_12)","decl":{"start":{"line":113,"column":4},"end":{"line":113,"column":5}},"loc":{"start":{"line":113,"column":46},"end":{"line":119,"column":5}},"line":113},"13":{"name":"(anonymous_13)","decl":{"start":{"line":121,"column":4},"end":{"line":121,"column":5}},"loc":{"start":{"line":121,"column":14},"end":{"line":123,"column":5}},"line":121}},"branchMap":{},"s":{"0":1,"1":1,"2":3,"3":3,"4":2,"5":2,"6":2,"7":2,"8":15,"9":10,"10":0,"11":2,"12":2,"13":2,"14":2,"15":2,"16":2,"17":2,"18":2,"19":0,"20":4,"21":1,"22":2,"23":2,"24":2,"25":2,"26":0},"f":{"0":3,"1":2,"2":15,"3":10,"4":0,"5":2,"6":2,"7":2,"8":0,"9":4,"10":1,"11":2,"12":2,"13":0},"b":{},"_coverageSchema":"43e27e138ebf9cfc5966b082cf9a028302ed4184","hash":"6d26b7b1aa37e266e7f425aacfa5cf964b78154a"}
,"/home/clara/Documentos/misrepos/blog-APIrest-practice-/backend/src/repository/Users.js": {"path":"/home/clara/Documentos/misrepos/blog-APIrest-practice-/backend/src/repository/Users.js","statementMap":{"0":{"start":{"line":2,"column":17},"end":{"line":2,"column":44}},"1":{"start":{"line":3,"column":15},"end":{"line":3,"column":34}},"2":{"start":{"line":5,"column":0},"end":{"line":46,"column":1}},"3":{"start":{"line":7,"column":8},"end":{"line":7,"column":25}},"4":{"start":{"line":8,"column":8},"end":{"line":8,"column":61}},"5":{"start":{"line":12,"column":79},"end":{"line":12,"column":83}},"6":{"start":{"line":13,"column":29},"end":{"line":13,"column":85}},"7":{"start":{"line":15,"column":28},"end":{"line":21,"column":13}},"8":{"start":{"line":22,"column":12},"end":{"line":22,"column":47}},"9":{"start":{"line":26,"column":8},"end":{"line":26,"column":65}},"10":{"start":{"line":30,"column":8},"end":{"line":30,"column":50}},"11":{"start":{"line":34,"column":8},"end":{"line":34,"column":53}},"12":{"start":{"line":38,"column":8},"end":{"line":40,"column":11}},"13":{"start":{"line":39,"column":12},"end":{"line":39,"column":36}},"14":{"start":{"line":43,"column":8},"end":{"line":43,"column":32}}},"fnMap":{"0":{"name":"(anonymous_0)","decl":{"start":{"line":6,"column":4},"end":{"line":6,"column":5}},"loc":{"start":{"line":6,"column":22},"end":{"line":9,"column":5}},"line":6},"1":{"name":"(anonymous_1)","decl":{"start":{"line":11,"column":4},"end":{"line":11,"column":5}},"loc":{"start":{"line":11,"column":24},"end":{"line":23,"column":5}},"line":11},"2":{"name":"(anonymous_2)","decl":{"start":{"line":25,"column":4},"end":{"line":25,"column":5}},"loc":{"start":{"line":25,"column":41},"end":{"line":27,"column":5}},"line":25},"3":{"name":"(anonymous_3)","decl":{"start":{"line":29,"column":4},"end":{"line":29,"column":5}},"loc":{"start":{"line":29,"column":18},"end":{"line":31,"column":5}},"line":29},"4":{"name":"(anonymous_4)","decl":{"start":{"line":33,"column":4},"end":{"line":33,"column":5}},"loc":{"start":{"line":33,"column":23},"end":{"line":35,"column":5}},"line":33},"5":{"name":"(anonymous_5)","decl":{"start":{"line":37,"column":4},"end":{"line":37,"column":5}},"loc":{"start":{"line":37,"column":26},"end":{"line":41,"column":5}},"line":37},"6":{"name":"(anonymous_6)","decl":{"start":{"line":38,"column":22},"end":{"line":38,"column":23}},"loc":{"start":{"line":38,"column":38},"end":{"line":40,"column":9}},"line":38},"7":{"name":"(anonymous_7)","decl":{"start":{"line":42,"column":4},"end":{"line":42,"column":5}},"loc":{"start":{"line":42,"column":14},"end":{"line":44,"column":7}},"line":42}},"branchMap":{"0":{"loc":{"start":{"line":12,"column":46},"end":{"line":12,"column":63}},"type":"default-arg","locations":[{"start":{"line":12,"column":52},"end":{"line":12,"column":63}}],"line":12}},"s":{"0":1,"1":1,"2":1,"3":3,"4":3,"5":0,"6":0,"7":0,"8":0,"9":23,"10":4,"11":49,"12":0,"13":0,"14":0},"f":{"0":3,"1":0,"2":23,"3":4,"4":49,"5":0,"6":0,"7":0},"b":{"0":[0]},"_coverageSchema":"43e27e138ebf9cfc5966b082cf9a028302ed4184","hash":"bc37b31b0229ecaa9961ea75b39394059f5e4143"}
,"/home/clara/Documentos/misrepos/blog-APIrest-practice-/backend/src/repository/index.js": {"path":"/home/clara/Documentos/misrepos/blog-APIrest-practice-/backend/src/repository/index.js","statementMap":{"0":{"start":{"line":2,"column":20},"end":{"line":2,"column":50}},"1":{"start":{"line":4,"column":14},"end":{"line":4,"column":32}},"2":{"start":{"line":5,"column":23},"end":{"line":5,"column":50}},"3":{"start":{"line":6,"column":14},"end":{"line":6,"column":35}},"4":{"start":{"line":7,"column":12},"end":{"line":7,"column":47}},"5":{"start":{"line":9,"column":26},"end":{"line":9,"column":59}},"6":{"start":{"line":10,"column":26},"end":{"line":10,"column":66}},"7":{"start":{"line":12,"column":0},"end":{"line":47,"column":2}},"8":{"start":{"line":14,"column":21},"end":{"line":17,"column":10}},"9":{"start":{"line":19,"column":8},"end":{"line":19,"column":40}},"10":{"start":{"line":20,"column":8},"end":{"line":20,"column":58}},"11":{"start":{"line":21,"column":8},"end":{"line":21,"column":40}},"12":{"start":{"line":22,"column":8},"end":{"line":22,"column":42}},"13":{"start":{"line":26,"column":25},"end":{"line":26,"column":76}},"14":{"start":{"line":27,"column":8},"end":{"line":30,"column":9}},"15":{"start":{"line":28,"column":12},"end":{"line":28,"column":79}},"16":{"start":{"line":29,"column":12},"end":{"line":29,"column":74}},"17":{"start":{"line":34,"column":25},"end":{"line":34,"column":58}},"18":{"start":{"line":35,"column":8},"end":{"line":38,"column":9}},"19":{"start":{"line":36,"column":12},"end":{"line":36,"column":66}},"20":{"start":{"line":37,"column":12},"end":{"line":37,"column":59}},"21":{"start":{"line":42,"column":8},"end":{"line":42,"column":38}},"22":{"start":{"line":43,"column":8},"end":{"line":43,"column":38}},"23":{"start":{"line":44,"column":8},"end":{"line":44,"column":47}},"24":{"start":{"line":45,"column":8},"end":{"line":45,"column":42}}},"fnMap":{"0":{"name":"(anonymous_0)","decl":{"start":{"line":13,"column":4},"end":{"line":13,"column":5}},"loc":{"start":{"line":13,"column":22},"end":{"line":23,"column":5}},"line":13},"1":{"name":"(anonymous_1)","decl":{"start":{"line":25,"column":4},"end":{"line":25,"column":5}},"loc":{"start":{"line":25,"column":29},"end":{"line":31,"column":5}},"line":25},"2":{"name":"(anonymous_2)","decl":{"start":{"line":33,"column":4},"end":{"line":33,"column":5}},"loc":{"start":{"line":33,"column":29},"end":{"line":39,"column":5}},"line":33},"3":{"name":"(anonymous_3)","decl":{"start":{"line":41,"column":4},"end":{"line":41,"column":5}},"loc":{"start":{"line":41,"column":25},"end":{"line":46,"column":5}},"line":41}},"branchMap":{"0":{"loc":{"start":{"line":27,"column":8},"end":{"line":30,"column":9}},"type":"if","locations":[{"start":{"line":27,"column":8},"end":{"line":30,"column":9}},{"start":{"line":27,"column":8},"end":{"line":30,"column":9}}],"line":27},"1":{"loc":{"start":{"line":35,"column":8},"end":{"line":38,"column":9}},"type":"if","locations":[{"start":{"line":35,"column":8},"end":{"line":38,"column":9}},{"start":{"line":35,"column":8},"end":{"line":38,"column":9}}],"line":35}},"s":{"0":1,"1":1,"2":1,"3":1,"4":1,"5":1,"6":1,"7":1,"8":3,"9":3,"10":3,"11":3,"12":3,"13":3,"14":3,"15":0,"16":0,"17":3,"18":3,"19":0,"20":0,"21":0,"22":0,"23":0,"24":0},"f":{"0":3,"1":3,"2":3,"3":0},"b":{"0":[0,3],"1":[0,3]},"_coverageSchema":"43e27e138ebf9cfc5966b082cf9a028302ed4184","hash":"7be6e92a0b4b8bb7be146b0115389e0f0559275c"}
,"/home/clara/Documentos/misrepos/blog-APIrest-practice-/backend/src/test/apiAdmin.js": {"path":"/home/clara/Documentos/misrepos/blog-APIrest-practice-/backend/src/test/apiAdmin.js","statementMap":{"0":{"start":{"line":1,"column":16},"end":{"line":1,"column":36}},"1":{"start":{"line":2,"column":18},"end":{"line":2,"column":38}},"2":{"start":{"line":3,"column":19},"end":{"line":3,"column":43}},"3":{"start":{"line":8,"column":0},"end":{"line":12,"column":3}},"4":{"start":{"line":9,"column":16},"end":{"line":9,"column":31}},"5":{"start":{"line":10,"column":4},"end":{"line":10,"column":29}},"6":{"start":{"line":18,"column":0},"end":{"line":283,"column":3}},"7":{"start":{"line":20,"column":16},"end":{"line":20,"column":20}},"8":{"start":{"line":22,"column":4},"end":{"line":32,"column":7}},"9":{"start":{"line":23,"column":8},"end":{"line":31,"column":15}},"10":{"start":{"line":28,"column":16},"end":{"line":28,"column":39}},"11":{"start":{"line":30,"column":16},"end":{"line":30,"column":23}},"12":{"start":{"line":34,"column":4},"end":{"line":38,"column":7}},"13":{"start":{"line":35,"column":8},"end":{"line":35,"column":35}},"14":{"start":{"line":36,"column":8},"end":{"line":36,"column":42}},"15":{"start":{"line":37,"column":8},"end":{"line":37,"column":44}},"16":{"start":{"line":40,"column":4},"end":{"line":47,"column":7}},"17":{"start":{"line":41,"column":25},"end":{"line":44,"column":24}},"18":{"start":{"line":46,"column":8},"end":{"line":46,"column":15}},"19":{"start":{"line":50,"column":4},"end":{"line":59,"column":7}},"20":{"start":{"line":51,"column":25},"end":{"line":53,"column":24}},"21":{"start":{"line":55,"column":8},"end":{"line":55,"column":44}},"22":{"start":{"line":56,"column":8},"end":{"line":56,"column":45}},"23":{"start":{"line":57,"column":8},"end":{"line":57,"column":41}},"24":{"start":{"line":58,"column":8},"end":{"line":58,"column":15}},"25":{"start":{"line":62,"column":4},"end":{"line":89,"column":7}},"26":{"start":{"line":64,"column":22},"end":{"line":68,"column":9}},"27":{"start":{"line":70,"column":25},"end":{"line":74,"column":24}},"28":{"start":{"line":76,"column":21},"end":{"line":76,"column":48}},"29":{"start":{"line":77,"column":27},"end":{"line":77,"column":62}},"30":{"start":{"line":79,"column":34},"end":{"line":82,"column":24}},"31":{"start":{"line":84,"column":8},"end":{"line":84,"column":54}},"32":{"start":{"line":85,"column":8},"end":{"line":85,"column":52}},"33":{"start":{"line":87,"column":8},"end":{"line":87,"column":15}},"34":{"start":{"line":91,"column":4},"end":{"line":110,"column":7}},"35":{"start":{"line":92,"column":21},"end":{"line":92,"column":48}},"36":{"start":{"line":93,"column":27},"end":{"line":93,"column":62}},"37":{"start":{"line":94,"column":28},"end":{"line":94,"column":102}},"38":{"start":{"line":96,"column":8},"end":{"line":100,"column":24}},"39":{"start":{"line":102,"column":23},"end":{"line":104,"column":24}},"40":{"start":{"line":106,"column":8},"end":{"line":106,"column":54}},"41":{"start":{"line":107,"column":8},"end":{"line":107,"column":58}},"42":{"start":{"line":108,"column":8},"end":{"line":108,"column":15}},"43":{"start":{"line":113,"column":4},"end":{"line":132,"column":7}},"44":{"start":{"line":114,"column":21},"end":{"line":114,"column":48}},"45":{"start":{"line":115,"column":27},"end":{"line":115,"column":62}},"46":{"start":{"line":117,"column":25},"end":{"line":119,"column":9}},"47":{"start":{"line":121,"column":25},"end":{"line":125,"column":24}},"48":{"start":{"line":127,"column":8},"end":{"line":127,"column":38}},"49":{"start":{"line":128,"column":8},"end":{"line":128,"column":49}},"50":{"start":{"line":129,"column":8},"end":{"line":129,"column":51}},"51":{"start":{"line":131,"column":8},"end":{"line":131,"column":15}},"52":{"start":{"line":135,"column":4},"end":{"line":153,"column":7}},"53":{"start":{"line":136,"column":21},"end":{"line":136,"column":48}},"54":{"start":{"line":137,"column":27},"end":{"line":137,"column":62}},"55":{"start":{"line":139,"column":25},"end":{"line":141,"column":9}},"56":{"start":{"line":143,"column":25},"end":{"line":147,"column":24}},"57":{"start":{"line":149,"column":8},"end":{"line":149,"column":49}},"58":{"start":{"line":150,"column":8},"end":{"line":150,"column":46}},"59":{"start":{"line":152,"column":8},"end":{"line":152,"column":15}},"60":{"start":{"line":156,"column":4},"end":{"line":178,"column":7}},"61":{"start":{"line":157,"column":21},"end":{"line":157,"column":48}},"62":{"start":{"line":158,"column":27},"end":{"line":158,"column":62}},"63":{"start":{"line":159,"column":34},"end":{"line":159,"column":75}},"64":{"start":{"line":160,"column":25},"end":{"line":160,"column":41}},"65":{"start":{"line":161,"column":30},"end":{"line":161,"column":63}},"66":{"start":{"line":165,"column":29},"end":{"line":167,"column":9}},"67":{"start":{"line":169,"column":25},"end":{"line":173,"column":24}},"68":{"start":{"line":175,"column":8},"end":{"line":175,"column":55}},"69":{"start":{"line":177,"column":8},"end":{"line":177,"column":15}},"70":{"start":{"line":181,"column":4},"end":{"line":197,"column":7}},"71":{"start":{"line":182,"column":21},"end":{"line":182,"column":48}},"72":{"start":{"line":183,"column":27},"end":{"line":183,"column":62}},"73":{"start":{"line":184,"column":34},"end":{"line":184,"column":75}},"74":{"start":{"line":185,"column":25},"end":{"line":185,"column":41}},"75":{"start":{"line":186,"column":30},"end":{"line":186,"column":63}},"76":{"start":{"line":189,"column":25},"end":{"line":192,"column":24}},"77":{"start":{"line":196,"column":8},"end":{"line":196,"column":15}},"78":{"start":{"line":200,"column":4},"end":{"line":211,"column":7}},"79":{"start":{"line":202,"column":25},"end":{"line":205,"column":24}},"80":{"start":{"line":207,"column":8},"end":{"line":207,"column":43}},"81":{"start":{"line":208,"column":8},"end":{"line":208,"column":42}},"82":{"start":{"line":209,"column":8},"end":{"line":209,"column":41}},"83":{"start":{"line":210,"column":8},"end":{"line":210,"column":15}},"84":{"start":{"line":213,"column":4},"end":{"line":242,"column":7}},"85":{"start":{"line":215,"column":31},"end":{"line":218,"column":9}},"86":{"start":{"line":220,"column":25},"end":{"line":224,"column":24}},"87":{"start":{"line":226,"column":22},"end":{"line":227,"column":52}},"88":{"start":{"line":229,"column":27},"end":{"line":229,"column":60}},"89":{"start":{"line":230,"column":19},"end":{"line":230,"column":33}},"90":{"start":{"line":232,"column":34},"end":{"line":235,"column":24}},"91":{"start":{"line":237,"column":8},"end":{"line":237,"column":48}},"92":{"start":{"line":238,"column":8},"end":{"line":238,"column":41}},"93":{"start":{"line":240,"column":8},"end":{"line":240,"column":15}},"94":{"start":{"line":244,"column":4},"end":{"line":265,"column":7}},"95":{"start":{"line":245,"column":21},"end":{"line":246,"column":52}},"96":{"start":{"line":247,"column":27},"end":{"line":247,"column":62}},"97":{"start":{"line":248,"column":28},"end":{"line":248,"column":58}},"98":{"start":{"line":250,"column":8},"end":{"line":254,"column":24}},"99":{"start":{"line":256,"column":23},"end":{"line":259,"column":24}},"100":{"start":{"line":261,"column":8},"end":{"line":261,"column":52}},"101":{"start":{"line":262,"column":8},"end":{"line":262,"column":54}},"102":{"start":{"line":263,"column":8},"end":{"line":263,"column":15}},"103":{"start":{"line":267,"column":4},"end":{"line":281,"column":7}},"104":{"start":{"line":268,"column":22},"end":{"line":269,"column":52}},"105":{"start":{"line":270,"column":27},"end":{"line":270,"column":64}},"106":{"start":{"line":272,"column":8},"end":{"line":275,"column":24}},"107":{"start":{"line":277,"column":8},"end":{"line":279,"column":24}},"108":{"start":{"line":280,"column":8},"end":{"line":280,"column":15}}},"fnMap":{"0":{"name":"(anonymous_0)","decl":{"start":{"line":8,"column":10},"end":{"line":8,"column":11}},"loc":{"start":{"line":8,"column":22},"end":{"line":12,"column":1}},"line":8},"1":{"name":"(anonymous_1)","decl":{"start":{"line":18,"column":41},"end":{"line":18,"column":42}},"loc":{"start":{"line":18,"column":53},"end":{"line":283,"column":1}},"line":18},"2":{"name":"(anonymous_2)","decl":{"start":{"line":22,"column":15},"end":{"line":22,"column":16}},"loc":{"start":{"line":22,"column":25},"end":{"line":32,"column":5}},"line":22},"3":{"name":"(anonymous_3)","decl":{"start":{"line":26,"column":17},"end":{"line":26,"column":18}},"loc":{"start":{"line":26,"column":37},"end":{"line":31,"column":13}},"line":26},"4":{"name":"(anonymous_4)","decl":{"start":{"line":34,"column":37},"end":{"line":34,"column":38}},"loc":{"start":{"line":34,"column":43},"end":{"line":38,"column":5}},"line":34},"5":{"name":"(anonymous_5)","decl":{"start":{"line":40,"column":69},"end":{"line":40,"column":70}},"loc":{"start":{"line":40,"column":85},"end":{"line":47,"column":5}},"line":40},"6":{"name":"(anonymous_6)","decl":{"start":{"line":50,"column":51},"end":{"line":50,"column":52}},"loc":{"start":{"line":50,"column":67},"end":{"line":59,"column":5}},"line":50},"7":{"name":"(anonymous_7)","decl":{"start":{"line":62,"column":64},"end":{"line":62,"column":65}},"loc":{"start":{"line":62,"column":80},"end":{"line":89,"column":5}},"line":62},"8":{"name":"(anonymous_8)","decl":{"start":{"line":91,"column":59},"end":{"line":91,"column":60}},"loc":{"start":{"line":91,"column":75},"end":{"line":110,"column":5}},"line":91},"9":{"name":"(anonymous_9)","decl":{"start":{"line":113,"column":70},"end":{"line":113,"column":71}},"loc":{"start":{"line":113,"column":86},"end":{"line":132,"column":5}},"line":113},"10":{"name":"(anonymous_10)","decl":{"start":{"line":135,"column":96},"end":{"line":135,"column":97}},"loc":{"start":{"line":135,"column":112},"end":{"line":153,"column":5}},"line":135},"11":{"name":"(anonymous_11)","decl":{"start":{"line":156,"column":61},"end":{"line":156,"column":62}},"loc":{"start":{"line":156,"column":77},"end":{"line":178,"column":5}},"line":156},"12":{"name":"(anonymous_12)","decl":{"start":{"line":181,"column":60},"end":{"line":181,"column":61}},"loc":{"start":{"line":181,"column":76},"end":{"line":197,"column":5}},"line":181},"13":{"name":"(anonymous_13)","decl":{"start":{"line":200,"column":69},"end":{"line":200,"column":70}},"loc":{"start":{"line":200,"column":85},"end":{"line":211,"column":5}},"line":200},"14":{"name":"(anonymous_14)","decl":{"start":{"line":213,"column":77},"end":{"line":213,"column":78}},"loc":{"start":{"line":213,"column":93},"end":{"line":242,"column":5}},"line":213},"15":{"name":"(anonymous_15)","decl":{"start":{"line":244,"column":62},"end":{"line":244,"column":63}},"loc":{"start":{"line":244,"column":78},"end":{"line":265,"column":5}},"line":244},"16":{"name":"(anonymous_16)","decl":{"start":{"line":267,"column":61},"end":{"line":267,"column":62}},"loc":{"start":{"line":267,"column":77},"end":{"line":281,"column":5}},"line":267}},"branchMap":{},"s":{"0":1,"1":1,"2":1,"3":1,"4":1,"5":1,"6":1,"7":1,"8":1,"9":13,"10":13,"11":13,"12":1,"13":1,"14":1,"15":1,"16":1,"17":1,"18":1,"19":1,"20":1,"21":1,"22":1,"23":1,"24":1,"25":1,"26":1,"27":1,"28":1,"29":1,"30":1,"31":1,"32":1,"33":1,"34":1,"35":1,"36":1,"37":1,"38":1,"39":1,"40":1,"41":1,"42":1,"43":1,"44":1,"45":1,"46":1,"47":1,"48":1,"49":1,"50":1,"51":1,"52":1,"53":1,"54":1,"55":1,"56":1,"57":1,"58":1,"59":1,"60":1,"61":1,"62":1,"63":1,"64":1,"65":1,"66":1,"67":1,"68":1,"69":1,"70":1,"71":1,"72":1,"73":1,"74":1,"75":1,"76":1,"77":1,"78":1,"79":1,"80":1,"81":1,"82":1,"83":1,"84":1,"85":1,"86":1,"87":1,"88":1,"89":1,"90":1,"91":1,"92":1,"93":1,"94":1,"95":1,"96":1,"97":1,"98":1,"99":1,"100":1,"101":1,"102":1,"103":1,"104":1,"105":1,"106":1,"107":1,"108":1},"f":{"0":1,"1":1,"2":13,"3":13,"4":1,"5":1,"6":1,"7":1,"8":1,"9":1,"10":1,"11":1,"12":1,"13":1,"14":1,"15":1,"16":1},"b":{},"_coverageSchema":"43e27e138ebf9cfc5966b082cf9a028302ed4184","hash":"b5e7c68f46b7bec52c37e79ef88fb07d1599d4d9"}
,"/home/clara/Documentos/misrepos/blog-APIrest-practice-/backend/src/test/apiNoRegisterUser.js": {"path":"/home/clara/Documentos/misrepos/blog-APIrest-practice-/backend/src/test/apiNoRegisterUser.js","statementMap":{"0":{"start":{"line":1,"column":16},"end":{"line":1,"column":36}},"1":{"start":{"line":2,"column":18},"end":{"line":2,"column":38}},"2":{"start":{"line":6,"column":0},"end":{"line":9,"column":3}},"3":{"start":{"line":7,"column":16},"end":{"line":7,"column":31}},"4":{"start":{"line":8,"column":4},"end":{"line":8,"column":29}},"5":{"start":{"line":11,"column":0},"end":{"line":95,"column":3}},"6":{"start":{"line":14,"column":4},"end":{"line":24,"column":7}},"7":{"start":{"line":16,"column":25},"end":{"line":18,"column":24}},"8":{"start":{"line":20,"column":8},"end":{"line":20,"column":44}},"9":{"start":{"line":21,"column":8},"end":{"line":21,"column":45}},"10":{"start":{"line":22,"column":8},"end":{"line":22,"column":41}},"11":{"start":{"line":23,"column":8},"end":{"line":23,"column":15}},"12":{"start":{"line":27,"column":4},"end":{"line":40,"column":7}},"13":{"start":{"line":28,"column":22},"end":{"line":32,"column":9}},"14":{"start":{"line":34,"column":25},"end":{"line":36,"column":24}},"15":{"start":{"line":38,"column":8},"end":{"line":38,"column":15}},"16":{"start":{"line":43,"column":4},"end":{"line":56,"column":7}},"17":{"start":{"line":44,"column":21},"end":{"line":44,"column":48}},"18":{"start":{"line":45,"column":27},"end":{"line":45,"column":62}},"19":{"start":{"line":47,"column":25},"end":{"line":49,"column":9}},"20":{"start":{"line":51,"column":25},"end":{"line":53,"column":24}},"21":{"start":{"line":55,"column":8},"end":{"line":55,"column":15}},"22":{"start":{"line":59,"column":4},"end":{"line":65,"column":7}},"23":{"start":{"line":61,"column":25},"end":{"line":62,"column":24}},"24":{"start":{"line":64,"column":8},"end":{"line":64,"column":15}},"25":{"start":{"line":67,"column":4},"end":{"line":81,"column":7}},"26":{"start":{"line":69,"column":31},"end":{"line":72,"column":9}},"27":{"start":{"line":74,"column":25},"end":{"line":76,"column":24}},"28":{"start":{"line":79,"column":8},"end":{"line":79,"column":15}},"29":{"start":{"line":83,"column":4},"end":{"line":93,"column":7}},"30":{"start":{"line":84,"column":21},"end":{"line":88,"column":9}},"31":{"start":{"line":89,"column":23},"end":{"line":91,"column":20}},"32":{"start":{"line":92,"column":8},"end":{"line":92,"column":15}}},"fnMap":{"0":{"name":"(anonymous_0)","decl":{"start":{"line":6,"column":10},"end":{"line":6,"column":11}},"loc":{"start":{"line":6,"column":22},"end":{"line":9,"column":1}},"line":6},"1":{"name":"(anonymous_1)","decl":{"start":{"line":11,"column":48},"end":{"line":11,"column":49}},"loc":{"start":{"line":11,"column":60},"end":{"line":95,"column":1}},"line":11},"2":{"name":"(anonymous_2)","decl":{"start":{"line":14,"column":51},"end":{"line":14,"column":52}},"loc":{"start":{"line":14,"column":67},"end":{"line":24,"column":5}},"line":14},"3":{"name":"(anonymous_3)","decl":{"start":{"line":27,"column":43},"end":{"line":27,"column":44}},"loc":{"start":{"line":27,"column":59},"end":{"line":40,"column":5}},"line":27},"4":{"name":"(anonymous_4)","decl":{"start":{"line":43,"column":48},"end":{"line":43,"column":49}},"loc":{"start":{"line":43,"column":64},"end":{"line":56,"column":5}},"line":43},"5":{"name":"(anonymous_5)","decl":{"start":{"line":59,"column":74},"end":{"line":59,"column":75}},"loc":{"start":{"line":59,"column":90},"end":{"line":65,"column":5}},"line":59},"6":{"name":"(anonymous_6)","decl":{"start":{"line":67,"column":77},"end":{"line":67,"column":78}},"loc":{"start":{"line":67,"column":93},"end":{"line":81,"column":5}},"line":67},"7":{"name":"(anonymous_7)","decl":{"start":{"line":83,"column":69},"end":{"line":83,"column":70}},"loc":{"start":{"line":83,"column":85},"end":{"line":93,"column":5}},"line":83}},"branchMap":{},"s":{"0":1,"1":1,"2":1,"3":1,"4":1,"5":1,"6":1,"7":1,"8":1,"9":1,"10":1,"11":1,"12":1,"13":1,"14":1,"15":1,"16":1,"17":1,"18":1,"19":1,"20":1,"21":1,"22":1,"23":1,"24":1,"25":1,"26":1,"27":1,"28":1,"29":1,"30":1,"31":1,"32":1},"f":{"0":1,"1":1,"2":1,"3":1,"4":1,"5":1,"6":1,"7":1},"b":{},"_coverageSchema":"43e27e138ebf9cfc5966b082cf9a028302ed4184","hash":"991e871b957e9f7a3b36b110a459f747f08b499d"}
,"/home/clara/Documentos/misrepos/blog-APIrest-practice-/backend/src/test/apiPublisher.js": {"path":"/home/clara/Documentos/misrepos/blog-APIrest-practice-/backend/src/test/apiPublisher.js","statementMap":{"0":{"start":{"line":1,"column":16},"end":{"line":1,"column":36}},"1":{"start":{"line":2,"column":18},"end":{"line":2,"column":38}},"2":{"start":{"line":8,"column":0},"end":{"line":12,"column":3}},"3":{"start":{"line":9,"column":16},"end":{"line":9,"column":31}},"4":{"start":{"line":10,"column":4},"end":{"line":10,"column":29}},"5":{"start":{"line":14,"column":0},"end":{"line":200,"column":3}},"6":{"start":{"line":16,"column":16},"end":{"line":16,"column":20}},"7":{"start":{"line":18,"column":4},"end":{"line":28,"column":7}},"8":{"start":{"line":19,"column":8},"end":{"line":27,"column":15}},"9":{"start":{"line":24,"column":16},"end":{"line":24,"column":39}},"10":{"start":{"line":26,"column":16},"end":{"line":26,"column":23}},"11":{"start":{"line":30,"column":4},"end":{"line":34,"column":7}},"12":{"start":{"line":31,"column":8},"end":{"line":31,"column":35}},"13":{"start":{"line":32,"column":8},"end":{"line":32,"column":42}},"14":{"start":{"line":33,"column":8},"end":{"line":33,"column":44}},"15":{"start":{"line":36,"column":4},"end":{"line":42,"column":7}},"16":{"start":{"line":37,"column":25},"end":{"line":39,"column":24}},"17":{"start":{"line":41,"column":8},"end":{"line":41,"column":15}},"18":{"start":{"line":45,"column":4},"end":{"line":54,"column":7}},"19":{"start":{"line":46,"column":25},"end":{"line":48,"column":24}},"20":{"start":{"line":50,"column":8},"end":{"line":50,"column":44}},"21":{"start":{"line":51,"column":8},"end":{"line":51,"column":45}},"22":{"start":{"line":52,"column":8},"end":{"line":52,"column":41}},"23":{"start":{"line":53,"column":8},"end":{"line":53,"column":15}},"24":{"start":{"line":57,"column":4},"end":{"line":84,"column":7}},"25":{"start":{"line":59,"column":22},"end":{"line":63,"column":9}},"26":{"start":{"line":65,"column":25},"end":{"line":69,"column":24}},"27":{"start":{"line":71,"column":21},"end":{"line":71,"column":48}},"28":{"start":{"line":72,"column":27},"end":{"line":72,"column":62}},"29":{"start":{"line":74,"column":34},"end":{"line":77,"column":24}},"30":{"start":{"line":79,"column":8},"end":{"line":79,"column":57}},"31":{"start":{"line":80,"column":8},"end":{"line":80,"column":55}},"32":{"start":{"line":82,"column":8},"end":{"line":82,"column":15}},"33":{"start":{"line":86,"column":4},"end":{"line":105,"column":7}},"34":{"start":{"line":87,"column":21},"end":{"line":87,"column":48}},"35":{"start":{"line":88,"column":27},"end":{"line":88,"column":62}},"36":{"start":{"line":89,"column":28},"end":{"line":89,"column":102}},"37":{"start":{"line":91,"column":8},"end":{"line":95,"column":24}},"38":{"start":{"line":97,"column":23},"end":{"line":99,"column":24}},"39":{"start":{"line":101,"column":8},"end":{"line":101,"column":54}},"40":{"start":{"line":102,"column":8},"end":{"line":102,"column":58}},"41":{"start":{"line":103,"column":8},"end":{"line":103,"column":15}},"42":{"start":{"line":108,"column":4},"end":{"line":127,"column":7}},"43":{"start":{"line":109,"column":21},"end":{"line":109,"column":48}},"44":{"start":{"line":110,"column":27},"end":{"line":110,"column":62}},"45":{"start":{"line":112,"column":25},"end":{"line":114,"column":9}},"46":{"start":{"line":116,"column":25},"end":{"line":120,"column":24}},"47":{"start":{"line":122,"column":8},"end":{"line":122,"column":38}},"48":{"start":{"line":123,"column":8},"end":{"line":123,"column":52}},"49":{"start":{"line":124,"column":8},"end":{"line":124,"column":51}},"50":{"start":{"line":126,"column":8},"end":{"line":126,"column":15}},"51":{"start":{"line":130,"column":4},"end":{"line":151,"column":7}},"52":{"start":{"line":131,"column":21},"end":{"line":131,"column":48}},"53":{"start":{"line":132,"column":27},"end":{"line":132,"column":62}},"54":{"start":{"line":133,"column":31},"end":{"line":133,"column":70}},"55":{"start":{"line":134,"column":25},"end":{"line":134,"column":41}},"56":{"start":{"line":135,"column":30},"end":{"line":135,"column":61}},"57":{"start":{"line":138,"column":29},"end":{"line":140,"column":9}},"58":{"start":{"line":142,"column":25},"end":{"line":146,"column":24}},"59":{"start":{"line":148,"column":8},"end":{"line":148,"column":55}},"60":{"start":{"line":150,"column":8},"end":{"line":150,"column":15}},"61":{"start":{"line":154,"column":4},"end":{"line":170,"column":7}},"62":{"start":{"line":155,"column":21},"end":{"line":155,"column":48}},"63":{"start":{"line":156,"column":27},"end":{"line":156,"column":62}},"64":{"start":{"line":157,"column":31},"end":{"line":157,"column":70}},"65":{"start":{"line":158,"column":25},"end":{"line":158,"column":41}},"66":{"start":{"line":159,"column":30},"end":{"line":159,"column":61}},"67":{"start":{"line":162,"column":25},"end":{"line":165,"column":24}},"68":{"start":{"line":169,"column":8},"end":{"line":169,"column":15}},"69":{"start":{"line":173,"column":4},"end":{"line":180,"column":7}},"70":{"start":{"line":175,"column":25},"end":{"line":177,"column":24}},"71":{"start":{"line":179,"column":8},"end":{"line":179,"column":15}},"72":{"start":{"line":182,"column":4},"end":{"line":197,"column":7}},"73":{"start":{"line":184,"column":31},"end":{"line":187,"column":9}},"74":{"start":{"line":189,"column":25},"end":{"line":192,"column":24}},"75":{"start":{"line":195,"column":8},"end":{"line":195,"column":15}}},"fnMap":{"0":{"name":"(anonymous_0)","decl":{"start":{"line":8,"column":10},"end":{"line":8,"column":11}},"loc":{"start":{"line":8,"column":22},"end":{"line":12,"column":1}},"line":8},"1":{"name":"(anonymous_1)","decl":{"start":{"line":14,"column":45},"end":{"line":14,"column":46}},"loc":{"start":{"line":14,"column":57},"end":{"line":200,"column":1}},"line":14},"2":{"name":"(anonymous_2)","decl":{"start":{"line":18,"column":15},"end":{"line":18,"column":16}},"loc":{"start":{"line":18,"column":25},"end":{"line":28,"column":5}},"line":18},"3":{"name":"(anonymous_3)","decl":{"start":{"line":22,"column":17},"end":{"line":22,"column":18}},"loc":{"start":{"line":22,"column":37},"end":{"line":27,"column":13}},"line":22},"4":{"name":"(anonymous_4)","decl":{"start":{"line":30,"column":37},"end":{"line":30,"column":38}},"loc":{"start":{"line":30,"column":43},"end":{"line":34,"column":5}},"line":30},"5":{"name":"(anonymous_5)","decl":{"start":{"line":36,"column":74},"end":{"line":36,"column":75}},"loc":{"start":{"line":36,"column":90},"end":{"line":42,"column":5}},"line":36},"6":{"name":"(anonymous_6)","decl":{"start":{"line":45,"column":51},"end":{"line":45,"column":52}},"loc":{"start":{"line":45,"column":67},"end":{"line":54,"column":5}},"line":45},"7":{"name":"(anonymous_7)","decl":{"start":{"line":57,"column":64},"end":{"line":57,"column":65}},"loc":{"start":{"line":57,"column":80},"end":{"line":84,"column":5}},"line":57},"8":{"name":"(anonymous_8)","decl":{"start":{"line":86,"column":59},"end":{"line":86,"column":60}},"loc":{"start":{"line":86,"column":75},"end":{"line":105,"column":5}},"line":86},"9":{"name":"(anonymous_9)","decl":{"start":{"line":108,"column":70},"end":{"line":108,"column":71}},"loc":{"start":{"line":108,"column":86},"end":{"line":127,"column":5}},"line":108},"10":{"name":"(anonymous_10)","decl":{"start":{"line":130,"column":72},"end":{"line":130,"column":73}},"loc":{"start":{"line":130,"column":88},"end":{"line":151,"column":5}},"line":130},"11":{"name":"(anonymous_11)","decl":{"start":{"line":154,"column":59},"end":{"line":154,"column":60}},"loc":{"start":{"line":154,"column":75},"end":{"line":170,"column":5}},"line":154},"12":{"name":"(anonymous_12)","decl":{"start":{"line":173,"column":74},"end":{"line":173,"column":75}},"loc":{"start":{"line":173,"column":90},"end":{"line":180,"column":5}},"line":173},"13":{"name":"(anonymous_13)","decl":{"start":{"line":182,"column":77},"end":{"line":182,"column":78}},"loc":{"start":{"line":182,"column":93},"end":{"line":197,"column":5}},"line":182}},"branchMap":{},"s":{"0":1,"1":1,"2":1,"3":1,"4":1,"5":1,"6":1,"7":1,"8":10,"9":10,"10":10,"11":1,"12":1,"13":1,"14":1,"15":1,"16":1,"17":1,"18":1,"19":1,"20":1,"21":1,"22":1,"23":1,"24":1,"25":1,"26":1,"27":1,"28":1,"29":1,"30":1,"31":1,"32":1,"33":1,"34":1,"35":1,"36":1,"37":1,"38":1,"39":1,"40":1,"41":1,"42":1,"43":1,"44":1,"45":1,"46":1,"47":1,"48":1,"49":1,"50":1,"51":1,"52":1,"53":1,"54":1,"55":1,"56":1,"57":1,"58":1,"59":1,"60":1,"61":1,"62":1,"63":1,"64":1,"65":1,"66":1,"67":1,"68":1,"69":1,"70":1,"71":1,"72":1,"73":1,"74":1,"75":1},"f":{"0":1,"1":1,"2":10,"3":10,"4":1,"5":1,"6":1,"7":1,"8":1,"9":1,"10":1,"11":1,"12":1,"13":1},"b":{},"_coverageSchema":"43e27e138ebf9cfc5966b082cf9a028302ed4184","hash":"4471112d9b2e5e9830d5697efab445b55191161b"}
,"/home/clara/Documentos/misrepos/blog-APIrest-practice-/backend/src/test/validator.js": {"path":"/home/clara/Documentos/misrepos/blog-APIrest-practice-/backend/src/test/validator.js","statementMap":{"0":{"start":{"line":1,"column":18},"end":{"line":1,"column":41}},"1":{"start":{"line":3,"column":0},"end":{"line":128,"column":3}},"2":{"start":{"line":4,"column":4},"end":{"line":9,"column":7}},"3":{"start":{"line":5,"column":23},"end":{"line":5,"column":25}},"4":{"start":{"line":6,"column":23},"end":{"line":6,"column":34}},"5":{"start":{"line":8,"column":8},"end":{"line":8,"column":39}},"6":{"start":{"line":11,"column":4},"end":{"line":18,"column":7}},"7":{"start":{"line":12,"column":21},"end":{"line":12,"column":65}},"8":{"start":{"line":13,"column":29},"end":{"line":13,"column":87}},"9":{"start":{"line":14,"column":23},"end":{"line":14,"column":25}},"10":{"start":{"line":15,"column":23},"end":{"line":15,"column":52}},"11":{"start":{"line":17,"column":8},"end":{"line":17,"column":39}},"12":{"start":{"line":20,"column":4},"end":{"line":27,"column":7}},"13":{"start":{"line":21,"column":21},"end":{"line":21,"column":74}},"14":{"start":{"line":22,"column":29},"end":{"line":22,"column":87}},"15":{"start":{"line":23,"column":23},"end":{"line":23,"column":52}},"16":{"start":{"line":24,"column":23},"end":{"line":24,"column":52}},"17":{"start":{"line":26,"column":8},"end":{"line":26,"column":39}},"18":{"start":{"line":29,"column":4},"end":{"line":36,"column":7}},"19":{"start":{"line":30,"column":21},"end":{"line":30,"column":64}},"20":{"start":{"line":31,"column":29},"end":{"line":31,"column":87}},"21":{"start":{"line":32,"column":23},"end":{"line":32,"column":81}},"22":{"start":{"line":33,"column":23},"end":{"line":33,"column":52}},"23":{"start":{"line":35,"column":8},"end":{"line":35,"column":39}},"24":{"start":{"line":38,"column":4},"end":{"line":45,"column":7}},"25":{"start":{"line":39,"column":21},"end":{"line":39,"column":74}},"26":{"start":{"line":40,"column":29},"end":{"line":40,"column":87}},"27":{"start":{"line":41,"column":23},"end":{"line":41,"column":52}},"28":{"start":{"line":42,"column":23},"end":{"line":42,"column":52}},"29":{"start":{"line":44,"column":8},"end":{"line":44,"column":39}},"30":{"start":{"line":47,"column":4},"end":{"line":54,"column":7}},"31":{"start":{"line":48,"column":21},"end":{"line":48,"column":84}},"32":{"start":{"line":49,"column":29},"end":{"line":49,"column":87}},"33":{"start":{"line":50,"column":23},"end":{"line":50,"column":52}},"34":{"start":{"line":51,"column":23},"end":{"line":51,"column":52}},"35":{"start":{"line":53,"column":8},"end":{"line":53,"column":39}},"36":{"start":{"line":56,"column":4},"end":{"line":63,"column":7}},"37":{"start":{"line":57,"column":21},"end":{"line":57,"column":74}},"38":{"start":{"line":58,"column":29},"end":{"line":58,"column":87}},"39":{"start":{"line":59,"column":23},"end":{"line":59,"column":52}},"40":{"start":{"line":60,"column":23},"end":{"line":60,"column":52}},"41":{"start":{"line":62,"column":8},"end":{"line":62,"column":39}},"42":{"start":{"line":65,"column":4},"end":{"line":72,"column":7}},"43":{"start":{"line":66,"column":21},"end":{"line":66,"column":74}},"44":{"start":{"line":67,"column":29},"end":{"line":67,"column":87}},"45":{"start":{"line":68,"column":23},"end":{"line":68,"column":52}},"46":{"start":{"line":69,"column":23},"end":{"line":69,"column":52}},"47":{"start":{"line":71,"column":8},"end":{"line":71,"column":39}},"48":{"start":{"line":74,"column":4},"end":{"line":81,"column":7}},"49":{"start":{"line":75,"column":21},"end":{"line":75,"column":42}},"50":{"start":{"line":76,"column":29},"end":{"line":76,"column":87}},"51":{"start":{"line":77,"column":23},"end":{"line":77,"column":52}},"52":{"start":{"line":78,"column":23},"end":{"line":78,"column":52}},"53":{"start":{"line":80,"column":8},"end":{"line":80,"column":39}},"54":{"start":{"line":83,"column":4},"end":{"line":90,"column":7}},"55":{"start":{"line":84,"column":21},"end":{"line":84,"column":39}},"56":{"start":{"line":85,"column":29},"end":{"line":85,"column":87}},"57":{"start":{"line":86,"column":23},"end":{"line":86,"column":52}},"58":{"start":{"line":87,"column":23},"end":{"line":87,"column":52}},"59":{"start":{"line":89,"column":8},"end":{"line":89,"column":39}},"60":{"start":{"line":92,"column":4},"end":{"line":99,"column":7}},"61":{"start":{"line":93,"column":21},"end":{"line":93,"column":31}},"62":{"start":{"line":94,"column":29},"end":{"line":94,"column":87}},"63":{"start":{"line":95,"column":23},"end":{"line":95,"column":52}},"64":{"start":{"line":96,"column":23},"end":{"line":96,"column":52}},"65":{"start":{"line":98,"column":8},"end":{"line":98,"column":39}},"66":{"start":{"line":101,"column":4},"end":{"line":108,"column":7}},"67":{"start":{"line":102,"column":21},"end":{"line":102,"column":47}},"68":{"start":{"line":103,"column":29},"end":{"line":103,"column":86}},"69":{"start":{"line":104,"column":23},"end":{"line":104,"column":25}},"70":{"start":{"line":105,"column":23},"end":{"line":105,"column":52}},"71":{"start":{"line":107,"column":8},"end":{"line":107,"column":39}},"72":{"start":{"line":110,"column":4},"end":{"line":117,"column":7}},"73":{"start":{"line":111,"column":21},"end":{"line":111,"column":57}},"74":{"start":{"line":112,"column":29},"end":{"line":112,"column":86}},"75":{"start":{"line":113,"column":23},"end":{"line":113,"column":25}},"76":{"start":{"line":114,"column":23},"end":{"line":114,"column":52}},"77":{"start":{"line":116,"column":8},"end":{"line":116,"column":39}},"78":{"start":{"line":119,"column":4},"end":{"line":126,"column":7}},"79":{"start":{"line":120,"column":21},"end":{"line":120,"column":57}},"80":{"start":{"line":121,"column":29},"end":{"line":121,"column":86}},"81":{"start":{"line":122,"column":23},"end":{"line":122,"column":25}},"82":{"start":{"line":123,"column":23},"end":{"line":123,"column":52}},"83":{"start":{"line":125,"column":8},"end":{"line":125,"column":39}}},"fnMap":{"0":{"name":"(anonymous_0)","decl":{"start":{"line":3,"column":32},"end":{"line":3,"column":33}},"loc":{"start":{"line":3,"column":38},"end":{"line":128,"column":1}},"line":3},"1":{"name":"(anonymous_1)","decl":{"start":{"line":4,"column":43},"end":{"line":4,"column":44}},"loc":{"start":{"line":4,"column":49},"end":{"line":9,"column":5}},"line":4},"2":{"name":"(anonymous_2)","decl":{"start":{"line":11,"column":49},"end":{"line":11,"column":50}},"loc":{"start":{"line":11,"column":55},"end":{"line":18,"column":5}},"line":11},"3":{"name":"(anonymous_3)","decl":{"start":{"line":20,"column":62},"end":{"line":20,"column":63}},"loc":{"start":{"line":20,"column":68},"end":{"line":27,"column":5}},"line":20},"4":{"name":"(anonymous_4)","decl":{"start":{"line":29,"column":109},"end":{"line":29,"column":110}},"loc":{"start":{"line":29,"column":115},"end":{"line":36,"column":5}},"line":29},"5":{"name":"(anonymous_5)","decl":{"start":{"line":38,"column":61},"end":{"line":38,"column":62}},"loc":{"start":{"line":38,"column":67},"end":{"line":45,"column":5}},"line":38},"6":{"name":"(anonymous_6)","decl":{"start":{"line":47,"column":61},"end":{"line":47,"column":62}},"loc":{"start":{"line":47,"column":67},"end":{"line":54,"column":5}},"line":47},"7":{"name":"(anonymous_7)","decl":{"start":{"line":56,"column":61},"end":{"line":56,"column":62}},"loc":{"start":{"line":56,"column":67},"end":{"line":63,"column":5}},"line":56},"8":{"name":"(anonymous_8)","decl":{"start":{"line":65,"column":61},"end":{"line":65,"column":62}},"loc":{"start":{"line":65,"column":67},"end":{"line":72,"column":5}},"line":65},"9":{"name":"(anonymous_9)","decl":{"start":{"line":74,"column":61},"end":{"line":74,"column":62}},"loc":{"start":{"line":74,"column":67},"end":{"line":81,"column":5}},"line":74},"10":{"name":"(anonymous_10)","decl":{"start":{"line":83,"column":61},"end":{"line":83,"column":62}},"loc":{"start":{"line":83,"column":67},"end":{"line":90,"column":5}},"line":83},"11":{"name":"(anonymous_11)","decl":{"start":{"line":92,"column":76},"end":{"line":92,"column":77}},"loc":{"start":{"line":92,"column":82},"end":{"line":99,"column":5}},"line":92},"12":{"name":"(anonymous_12)","decl":{"start":{"line":101,"column":40},"end":{"line":101,"column":41}},"loc":{"start":{"line":101,"column":46},"end":{"line":108,"column":5}},"line":101},"13":{"name":"(anonymous_13)","decl":{"start":{"line":110,"column":41},"end":{"line":110,"column":42}},"loc":{"start":{"line":110,"column":47},"end":{"line":117,"column":5}},"line":110},"14":{"name":"(anonymous_14)","decl":{"start":{"line":119,"column":42},"end":{"line":119,"column":43}},"loc":{"start":{"line":119,"column":48},"end":{"line":126,"column":5}},"line":119}},"branchMap":{},"s":{"0":1,"1":1,"2":1,"3":1,"4":1,"5":1,"6":1,"7":1,"8":1,"9":1,"10":1,"11":1,"12":1,"13":1,"14":1,"15":1,"16":1,"17":1,"18":1,"19":1,"20":1,"21":1,"22":1,"23":1,"24":1,"25":1,"26":1,"27":1,"28":1,"29":1,"30":1,"31":1,"32":1,"33":1,"34":1,"35":1,"36":1,"37":1,"38":1,"39":1,"40":1,"41":1,"42":1,"43":1,"44":1,"45":1,"46":1,"47":1,"48":1,"49":1,"50":1,"51":1,"52":1,"53":1,"54":1,"55":1,"56":1,"57":1,"58":1,"59":1,"60":1,"61":1,"62":1,"63":1,"64":1,"65":1,"66":1,"67":1,"68":1,"69":1,"70":1,"71":1,"72":1,"73":1,"74":1,"75":1,"76":1,"77":1,"78":1,"79":1,"80":1,"81":1,"82":1,"83":1},"f":{"0":1,"1":1,"2":1,"3":1,"4":1,"5":1,"6":1,"7":1,"8":1,"9":1,"10":1,"11":1,"12":1,"13":1,"14":1},"b":{},"_coverageSchema":"43e27e138ebf9cfc5966b082cf9a028302ed4184","hash":"a22254813171c8d067e22feb1ef4dc08eb9b8157"}
,"/home/clara/Documentos/misrepos/blog-APIrest-practice-/backend/src/utils/defOffensiveWords.js": {"path":"/home/clara/Documentos/misrepos/blog-APIrest-practice-/backend/src/utils/defOffensiveWords.js","statementMap":{"0":{"start":{"line":1,"column":0},"end":{"line":5,"column":2}}},"fnMap":{},"branchMap":{},"s":{"0":1},"f":{},"b":{},"_coverageSchema":"43e27e138ebf9cfc5966b082cf9a028302ed4184","hash":"eb08e06f5be328f10f09ed98f5ff7509524fed7f"}
,"/home/clara/Documentos/misrepos/blog-APIrest-practice-/backend/src/utils/loadAdmins.js": {"path":"/home/clara/Documentos/misrepos/blog-APIrest-practice-/backend/src/utils/loadAdmins.js","statementMap":{"0":{"start":{"line":2,"column":0},"end":{"line":24,"column":2}}},"fnMap":{},"branchMap":{},"s":{"0":1},"f":{},"b":{},"_coverageSchema":"43e27e138ebf9cfc5966b082cf9a028302ed4184","hash":"b208a3f6b6f2a923f57af05ec1d6c3ac5280a92b"}
,"/home/clara/Documentos/misrepos/blog-APIrest-practice-/backend/src/validator/index.js": {"path":"/home/clara/Documentos/misrepos/blog-APIrest-practice-/backend/src/validator/index.js","statementMap":{"0":{"start":{"line":3,"column":0},"end":{"line":17,"column":1}},"1":{"start":{"line":4,"column":23},"end":{"line":4,"column":25}},"2":{"start":{"line":5,"column":22},"end":{"line":5,"column":40}},"3":{"start":{"line":6,"column":4},"end":{"line":14,"column":7}},"4":{"start":{"line":7,"column":25},"end":{"line":7,"column":38}},"5":{"start":{"line":8,"column":26},"end":{"line":8,"column":79}},"6":{"start":{"line":9,"column":34},"end":{"line":9,"column":69}},"7":{"start":{"line":11,"column":8},"end":{"line":13,"column":9}},"8":{"start":{"line":12,"column":13},"end":{"line":12,"column":44}},"9":{"start":{"line":16,"column":4},"end":{"line":16,"column":22}}},"fnMap":{"0":{"name":"(anonymous_0)","decl":{"start":{"line":3,"column":17},"end":{"line":3,"column":18}},"loc":{"start":{"line":3,"column":51},"end":{"line":17,"column":1}},"line":3},"1":{"name":"(anonymous_1)","decl":{"start":{"line":6,"column":25},"end":{"line":6,"column":26}},"loc":{"start":{"line":6,"column":42},"end":{"line":14,"column":5}},"line":6}},"branchMap":{"0":{"loc":{"start":{"line":3,"column":18},"end":{"line":3,"column":27}},"type":"default-arg","locations":[{"start":{"line":3,"column":25},"end":{"line":3,"column":27}}],"line":3},"1":{"loc":{"start":{"line":3,"column":29},"end":{"line":3,"column":46}},"type":"default-arg","locations":[{"start":{"line":3,"column":44},"end":{"line":3,"column":46}}],"line":3},"2":{"loc":{"start":{"line":11,"column":8},"end":{"line":13,"column":9}},"type":"if","locations":[{"start":{"line":11,"column":8},"end":{"line":13,"column":9}},{"start":{"line":11,"column":8},"end":{"line":13,"column":9}}],"line":11},"3":{"loc":{"start":{"line":11,"column":13},"end":{"line":11,"column":43}},"type":"binary-expr","locations":[{"start":{"line":11,"column":13},"end":{"line":11,"column":22}},{"start":{"line":11,"column":26},"end":{"line":11,"column":43}}],"line":11}},"s":{"0":1,"1":19,"2":19,"3":19,"4":51,"5":51,"6":51,"7":51,"8":11,"9":19},"f":{"0":19,"1":51},"b":{"0":[1],"1":[1],"2":[11,40],"3":[51,11]},"_coverageSchema":"43e27e138ebf9cfc5966b082cf9a028302ed4184","hash":"82f938f0587d31566f578a5618790fbbbd498c02"}
}
